<?xml version="1.0" encoding="utf-8"?>
<CoverageSession xmlns:xsd="http://www.w3.org/2001/XMLSchema" xmlns:xsi="http://www.w3.org/2001/XMLSchema-instance" Version="4.7.922.0">
  <Summary numSequencePoints="1029" visitedSequencePoints="298" numBranchPoints="306" visitedBranchPoints="98" sequenceCoverage="28.96" branchCoverage="32.03" maxCyclomaticComplexity="10" minCyclomaticComplexity="1" maxCrapScore="110" minCrapScore="1" visitedClasses="16" numClasses="18" visitedMethods="56" numMethods="96" />
  <Modules>
    <Module hash="9D-ED-85-D0-E2-02-51-11-1F-3A-B2-2D-6F-44-10-DB-E8-53-5B-1C">
      <Summary numSequencePoints="98" visitedSequencePoints="98" numBranchPoints="12" visitedBranchPoints="12" sequenceCoverage="100" branchCoverage="100" maxCyclomaticComplexity="1" minCyclomaticComplexity="1" maxCrapScore="2" minCrapScore="1" visitedClasses="10" numClasses="10" visitedMethods="12" numMethods="12" />
      <ModulePath>C:\Users\User\OneDrive\Desktop\VSP\RegisterTests\bin\Debug\fine-code-coverage\build-output\RegisterTests.dll</ModulePath>
      <ModuleTime>2023-05-02T17:48:51.2313927Z</ModuleTime>
      <ModuleName>RegisterTests</ModuleName>
      <Files>
        <File uid="1" fullPath="C:\Users\User\OneDrive\Desktop\VSP\RegisterTests\AddOldPublishesTests.cs" />
        <File uid="2" fullPath="C:\Users\User\OneDrive\Desktop\VSP\RegisterTests\AddTests.cs" />
        <File uid="3" fullPath="C:\Users\User\OneDrive\Desktop\VSP\RegisterTests\AddWhichAreOver10000Tests.cs" />
        <File uid="4" fullPath="C:\Users\User\OneDrive\Desktop\VSP\RegisterTests\AddWhichAreScientificTests.cs" />
        <File uid="5" fullPath="C:\Users\User\OneDrive\Desktop\VSP\RegisterTests\ContainsTests.cs" />
        <File uid="6" fullPath="C:\Users\User\OneDrive\Desktop\VSP\RegisterTests\CountHowMany2YearPublicationTests.cs" />
        <File uid="7" fullPath="C:\Users\User\OneDrive\Desktop\VSP\RegisterTests\CountTests.cs" />
        <File uid="8" fullPath="C:\Users\User\OneDrive\Desktop\VSP\RegisterTests\ConstructorTests.cs" />
        <File uid="9" fullPath="C:\Users\User\OneDrive\Desktop\VSP\RegisterTests\ReturnIndexValueTests.cs" />
        <File uid="10" fullPath="C:\Users\User\OneDrive\Desktop\VSP\RegisterTests\SortTests.cs" />
      </Files>
      <Classes>
        <Class>
          <Summary numSequencePoints="12" visitedSequencePoints="12" numBranchPoints="1" visitedBranchPoints="1" sequenceCoverage="100" branchCoverage="100" maxCyclomaticComplexity="1" minCyclomaticComplexity="1" maxCrapScore="2" minCrapScore="1" visitedClasses="1" numClasses="1" visitedMethods="1" numMethods="1" />
          <FullName>Library.Tests.AddOldPublishesTests</FullName>
          <Methods>
            <Method visited="true" cyclomaticComplexity="1" nPathComplexity="0" sequenceCoverage="100" branchCoverage="100" crapScore="1" isConstructor="false" isStatic="false" isGetter="false" isSetter="false">
              <Summary numSequencePoints="12" visitedSequencePoints="12" numBranchPoints="1" visitedBranchPoints="1" sequenceCoverage="100" branchCoverage="100" maxCyclomaticComplexity="1" minCyclomaticComplexity="1" maxCrapScore="1" minCrapScore="1" visitedClasses="0" numClasses="0" visitedMethods="1" numMethods="1" />
              <MetadataToken>100663297</MetadataToken>
              <Name>System.Void Library.Tests.AddOldPublishesTests::AddOldPublishes_CheckIfCountAfterMethodIsRight_True(System.String,System.String,System.String,System.String,System.Int32,System.Int32,System.String,System.String,System.Int32)</Name>
              <FileRef uid="1" />
              <SequencePoints>
                <SequencePoint vc="3" uspid="1" ordinal="0" offset="0" sl="20" sc="9" el="20" ec="10" bec="0" bev="0" fileid="1" />
                <SequencePoint vc="3" uspid="2" ordinal="1" offset="1" sl="21" sc="13" el="21" ec="50" bec="0" bev="0" fileid="1" />
                <SequencePoint vc="3" uspid="3" ordinal="2" offset="7" sl="22" sc="13" el="22" ec="50" bec="0" bev="0" fileid="1" />
                <SequencePoint vc="3" uspid="4" ordinal="3" offset="13" sl="24" sc="13" el="24" ec="124" bec="0" bev="0" fileid="1" />
                <SequencePoint vc="3" uspid="5" ordinal="4" offset="37" sl="25" sc="13" el="25" ec="133" bec="0" bev="0" fileid="1" />
                <SequencePoint vc="3" uspid="6" ordinal="5" offset="81" sl="26" sc="13" el="26" ec="172" bec="0" bev="0" fileid="1" />
                <SequencePoint vc="3" uspid="7" ordinal="6" offset="131" sl="28" sc="13" el="28" ec="32" bec="0" bev="0" fileid="1" />
                <SequencePoint vc="3" uspid="8" ordinal="7" offset="139" sl="29" sc="13" el="29" ec="35" bec="0" bev="0" fileid="1" />
                <SequencePoint vc="3" uspid="9" ordinal="8" offset="147" sl="30" sc="13" el="30" ec="37" bec="0" bev="0" fileid="1" />
                <SequencePoint vc="3" uspid="10" ordinal="9" offset="156" sl="32" sc="13" el="32" ec="52" bec="0" bev="0" fileid="1" />
                <SequencePoint vc="3" uspid="11" ordinal="10" offset="165" sl="34" sc="13" el="34" ec="54" bec="0" bev="0" fileid="1" />
                <SequencePoint vc="3" uspid="12" ordinal="11" offset="179" sl="35" sc="9" el="35" ec="10" bec="0" bev="0" fileid="1" />
              </SequencePoints>
              <BranchPoints />
              <MethodPoint xsi:type="SequencePoint" vc="3" uspid="1" ordinal="0" offset="0" sl="20" sc="9" el="20" ec="10" bec="0" bev="0" fileid="1" />
            </Method>
            <Method visited="false" cyclomaticComplexity="1" nPathComplexity="0" sequenceCoverage="0" branchCoverage="0" crapScore="2" isConstructor="true" isStatic="false" isGetter="false" isSetter="false">
              <Summary numSequencePoints="0" visitedSequencePoints="0" numBranchPoints="0" visitedBranchPoints="0" sequenceCoverage="0" branchCoverage="0" maxCyclomaticComplexity="1" minCyclomaticComplexity="1" maxCrapScore="2" minCrapScore="2" visitedClasses="0" numClasses="0" visitedMethods="0" numMethods="0" />
              <MetadataToken>100663298</MetadataToken>
              <Name>System.Void Library.Tests.AddOldPublishesTests::.ctor()</Name>
              <SequencePoints />
              <BranchPoints />
              <MethodPoint vc="0" uspid="13" ordinal="0" offset="0" />
            </Method>
          </Methods>
        </Class>
        <Class>
          <Summary numSequencePoints="6" visitedSequencePoints="6" numBranchPoints="1" visitedBranchPoints="1" sequenceCoverage="100" branchCoverage="100" maxCyclomaticComplexity="1" minCyclomaticComplexity="1" maxCrapScore="2" minCrapScore="1" visitedClasses="1" numClasses="1" visitedMethods="1" numMethods="1" />
          <FullName>Library.Tests.AddTests</FullName>
          <Methods>
            <Method visited="true" cyclomaticComplexity="1" nPathComplexity="0" sequenceCoverage="100" branchCoverage="100" crapScore="1" isConstructor="false" isStatic="false" isGetter="false" isSetter="false">
              <Summary numSequencePoints="6" visitedSequencePoints="6" numBranchPoints="1" visitedBranchPoints="1" sequenceCoverage="100" branchCoverage="100" maxCyclomaticComplexity="1" minCyclomaticComplexity="1" maxCrapScore="1" minCrapScore="1" visitedClasses="0" numClasses="0" visitedMethods="1" numMethods="1" />
              <MetadataToken>100663299</MetadataToken>
              <Name>System.Void Library.Tests.AddTests::Add_RequiredElementAmountInRegister_True(System.String,System.String,System.String,System.String,System.Int32,System.Int32,System.String,System.String,System.Int32)</Name>
              <FileRef uid="2" />
              <SequencePoints>
                <SequencePoint vc="3" uspid="14" ordinal="0" offset="0" sl="20" sc="9" el="20" ec="10" bec="0" bev="0" fileid="2" />
                <SequencePoint vc="3" uspid="15" ordinal="1" offset="1" sl="21" sc="13" el="21" ec="50" bec="0" bev="0" fileid="2" />
                <SequencePoint vc="3" uspid="16" ordinal="2" offset="7" sl="23" sc="13" el="23" ec="124" bec="0" bev="0" fileid="2" />
                <SequencePoint vc="3" uspid="17" ordinal="3" offset="31" sl="24" sc="13" el="24" ec="32" bec="0" bev="0" fileid="2" />
                <SequencePoint vc="3" uspid="18" ordinal="4" offset="39" sl="26" sc="13" el="26" ec="54" bec="0" bev="0" fileid="2" />
                <SequencePoint vc="3" uspid="19" ordinal="5" offset="53" sl="27" sc="9" el="27" ec="10" bec="0" bev="0" fileid="2" />
              </SequencePoints>
              <BranchPoints />
              <MethodPoint xsi:type="SequencePoint" vc="3" uspid="14" ordinal="0" offset="0" sl="20" sc="9" el="20" ec="10" bec="0" bev="0" fileid="2" />
            </Method>
            <Method visited="false" cyclomaticComplexity="1" nPathComplexity="0" sequenceCoverage="0" branchCoverage="0" crapScore="2" isConstructor="true" isStatic="false" isGetter="false" isSetter="false">
              <Summary numSequencePoints="0" visitedSequencePoints="0" numBranchPoints="0" visitedBranchPoints="0" sequenceCoverage="0" branchCoverage="0" maxCyclomaticComplexity="1" minCyclomaticComplexity="1" maxCrapScore="2" minCrapScore="2" visitedClasses="0" numClasses="0" visitedMethods="0" numMethods="0" />
              <MetadataToken>100663300</MetadataToken>
              <Name>System.Void Library.Tests.AddTests::.ctor()</Name>
              <SequencePoints />
              <BranchPoints />
              <MethodPoint vc="0" uspid="20" ordinal="0" offset="0" />
            </Method>
          </Methods>
        </Class>
        <Class>
          <Summary numSequencePoints="10" visitedSequencePoints="10" numBranchPoints="1" visitedBranchPoints="1" sequenceCoverage="100" branchCoverage="100" maxCyclomaticComplexity="1" minCyclomaticComplexity="1" maxCrapScore="2" minCrapScore="1" visitedClasses="1" numClasses="1" visitedMethods="1" numMethods="1" />
          <FullName>Library.Tests.AddWhichAreOver10000Tests</FullName>
          <Methods>
            <Method visited="true" cyclomaticComplexity="1" nPathComplexity="0" sequenceCoverage="100" branchCoverage="100" crapScore="1" isConstructor="false" isStatic="false" isGetter="false" isSetter="false">
              <Summary numSequencePoints="10" visitedSequencePoints="10" numBranchPoints="1" visitedBranchPoints="1" sequenceCoverage="100" branchCoverage="100" maxCyclomaticComplexity="1" minCyclomaticComplexity="1" maxCrapScore="1" minCrapScore="1" visitedClasses="0" numClasses="0" visitedMethods="1" numMethods="1" />
              <MetadataToken>100663301</MetadataToken>
              <Name>System.Void Library.Tests.AddWhichAreOver10000Tests::AddWhichAreOver10000_CheckIfCountIsRight_True(System.String,System.String,System.String,System.String,System.Int32,System.Int32,System.String,System.String,System.Int32)</Name>
              <FileRef uid="3" />
              <SequencePoints>
                <SequencePoint vc="3" uspid="21" ordinal="0" offset="0" sl="21" sc="9" el="21" ec="10" bec="0" bev="0" fileid="3" />
                <SequencePoint vc="3" uspid="22" ordinal="1" offset="1" sl="22" sc="13" el="22" ec="50" bec="0" bev="0" fileid="3" />
                <SequencePoint vc="3" uspid="23" ordinal="2" offset="7" sl="23" sc="13" el="23" ec="50" bec="0" bev="0" fileid="3" />
                <SequencePoint vc="3" uspid="24" ordinal="3" offset="13" sl="25" sc="13" el="25" ec="124" bec="0" bev="0" fileid="3" />
                <SequencePoint vc="3" uspid="25" ordinal="4" offset="37" sl="26" sc="13" el="26" ec="133" bec="0" bev="0" fileid="3" />
                <SequencePoint vc="3" uspid="26" ordinal="5" offset="81" sl="28" sc="13" el="28" ec="32" bec="0" bev="0" fileid="3" />
                <SequencePoint vc="3" uspid="27" ordinal="6" offset="89" sl="29" sc="13" el="29" ec="35" bec="0" bev="0" fileid="3" />
                <SequencePoint vc="3" uspid="28" ordinal="7" offset="97" sl="31" sc="13" el="31" ec="57" bec="0" bev="0" fileid="3" />
                <SequencePoint vc="3" uspid="29" ordinal="8" offset="106" sl="33" sc="13" el="33" ec="54" bec="0" bev="0" fileid="3" />
                <SequencePoint vc="3" uspid="30" ordinal="9" offset="120" sl="34" sc="9" el="34" ec="10" bec="0" bev="0" fileid="3" />
              </SequencePoints>
              <BranchPoints />
              <MethodPoint xsi:type="SequencePoint" vc="3" uspid="21" ordinal="0" offset="0" sl="21" sc="9" el="21" ec="10" bec="0" bev="0" fileid="3" />
            </Method>
            <Method visited="false" cyclomaticComplexity="1" nPathComplexity="0" sequenceCoverage="0" branchCoverage="0" crapScore="2" isConstructor="true" isStatic="false" isGetter="false" isSetter="false">
              <Summary numSequencePoints="0" visitedSequencePoints="0" numBranchPoints="0" visitedBranchPoints="0" sequenceCoverage="0" branchCoverage="0" maxCyclomaticComplexity="1" minCyclomaticComplexity="1" maxCrapScore="2" minCrapScore="2" visitedClasses="0" numClasses="0" visitedMethods="0" numMethods="0" />
              <MetadataToken>100663302</MetadataToken>
              <Name>System.Void Library.Tests.AddWhichAreOver10000Tests::.ctor()</Name>
              <SequencePoints />
              <BranchPoints />
              <MethodPoint vc="0" uspid="31" ordinal="0" offset="0" />
            </Method>
          </Methods>
        </Class>
        <Class>
          <Summary numSequencePoints="10" visitedSequencePoints="10" numBranchPoints="1" visitedBranchPoints="1" sequenceCoverage="100" branchCoverage="100" maxCyclomaticComplexity="1" minCyclomaticComplexity="1" maxCrapScore="2" minCrapScore="1" visitedClasses="1" numClasses="1" visitedMethods="1" numMethods="1" />
          <FullName>Library.Tests.AddWhichAreScientificTests</FullName>
          <Methods>
            <Method visited="true" cyclomaticComplexity="1" nPathComplexity="0" sequenceCoverage="100" branchCoverage="100" crapScore="1" isConstructor="false" isStatic="false" isGetter="false" isSetter="false">
              <Summary numSequencePoints="10" visitedSequencePoints="10" numBranchPoints="1" visitedBranchPoints="1" sequenceCoverage="100" branchCoverage="100" maxCyclomaticComplexity="1" minCyclomaticComplexity="1" maxCrapScore="1" minCrapScore="1" visitedClasses="0" numClasses="0" visitedMethods="1" numMethods="1" />
              <MetadataToken>100663303</MetadataToken>
              <Name>System.Void Library.Tests.AddWhichAreScientificTests::AddWhichAreScientific_CheckIfCountAfterMethodIsRight_True(System.String,System.String,System.String,System.String,System.Int32,System.Int32,System.String,System.String,System.Int32)</Name>
              <FileRef uid="4" />
              <SequencePoints>
                <SequencePoint vc="3" uspid="32" ordinal="0" offset="0" sl="20" sc="9" el="20" ec="10" bec="0" bev="0" fileid="4" />
                <SequencePoint vc="3" uspid="33" ordinal="1" offset="1" sl="21" sc="13" el="21" ec="50" bec="0" bev="0" fileid="4" />
                <SequencePoint vc="3" uspid="34" ordinal="2" offset="7" sl="22" sc="13" el="22" ec="50" bec="0" bev="0" fileid="4" />
                <SequencePoint vc="3" uspid="35" ordinal="3" offset="13" sl="23" sc="13" el="23" ec="124" bec="0" bev="0" fileid="4" />
                <SequencePoint vc="3" uspid="36" ordinal="4" offset="37" sl="24" sc="13" el="24" ec="132" bec="0" bev="0" fileid="4" />
                <SequencePoint vc="3" uspid="37" ordinal="5" offset="81" sl="26" sc="13" el="26" ec="32" bec="0" bev="0" fileid="4" />
                <SequencePoint vc="3" uspid="38" ordinal="6" offset="89" sl="27" sc="13" el="27" ec="35" bec="0" bev="0" fileid="4" />
                <SequencePoint vc="3" uspid="39" ordinal="7" offset="97" sl="28" sc="13" el="28" ec="58" bec="0" bev="0" fileid="4" />
                <SequencePoint vc="3" uspid="40" ordinal="8" offset="106" sl="30" sc="13" el="30" ec="53" bec="0" bev="0" fileid="4" />
                <SequencePoint vc="3" uspid="41" ordinal="9" offset="120" sl="31" sc="9" el="31" ec="10" bec="0" bev="0" fileid="4" />
              </SequencePoints>
              <BranchPoints />
              <MethodPoint xsi:type="SequencePoint" vc="3" uspid="32" ordinal="0" offset="0" sl="20" sc="9" el="20" ec="10" bec="0" bev="0" fileid="4" />
            </Method>
            <Method visited="false" cyclomaticComplexity="1" nPathComplexity="0" sequenceCoverage="0" branchCoverage="0" crapScore="2" isConstructor="true" isStatic="false" isGetter="false" isSetter="false">
              <Summary numSequencePoints="0" visitedSequencePoints="0" numBranchPoints="0" visitedBranchPoints="0" sequenceCoverage="0" branchCoverage="0" maxCyclomaticComplexity="1" minCyclomaticComplexity="1" maxCrapScore="2" minCrapScore="2" visitedClasses="0" numClasses="0" visitedMethods="0" numMethods="0" />
              <MetadataToken>100663304</MetadataToken>
              <Name>System.Void Library.Tests.AddWhichAreScientificTests::.ctor()</Name>
              <SequencePoints />
              <BranchPoints />
              <MethodPoint vc="0" uspid="42" ordinal="0" offset="0" />
            </Method>
          </Methods>
        </Class>
        <Class>
          <Summary numSequencePoints="6" visitedSequencePoints="6" numBranchPoints="1" visitedBranchPoints="1" sequenceCoverage="100" branchCoverage="100" maxCyclomaticComplexity="1" minCyclomaticComplexity="1" maxCrapScore="2" minCrapScore="1" visitedClasses="1" numClasses="1" visitedMethods="1" numMethods="1" />
          <FullName>Library.Tests.ContainsTests</FullName>
          <Methods>
            <Method visited="true" cyclomaticComplexity="1" nPathComplexity="0" sequenceCoverage="100" branchCoverage="100" crapScore="1" isConstructor="false" isStatic="false" isGetter="false" isSetter="false">
              <Summary numSequencePoints="6" visitedSequencePoints="6" numBranchPoints="1" visitedBranchPoints="1" sequenceCoverage="100" branchCoverage="100" maxCyclomaticComplexity="1" minCyclomaticComplexity="1" maxCrapScore="1" minCrapScore="1" visitedClasses="0" numClasses="0" visitedMethods="1" numMethods="1" />
              <MetadataToken>100663305</MetadataToken>
              <Name>System.Void Library.Tests.ContainsTests::Contains_CheckIfValueIsInRegister_True(System.String,System.String,System.String,System.String,System.Int32,System.Int32,System.String,System.String)</Name>
              <FileRef uid="5" />
              <SequencePoints>
                <SequencePoint vc="3" uspid="43" ordinal="0" offset="0" sl="20" sc="9" el="20" ec="10" bec="0" bev="0" fileid="5" />
                <SequencePoint vc="3" uspid="44" ordinal="1" offset="1" sl="21" sc="13" el="21" ec="50" bec="0" bev="0" fileid="5" />
                <SequencePoint vc="3" uspid="45" ordinal="2" offset="7" sl="23" sc="13" el="23" ec="124" bec="0" bev="0" fileid="5" />
                <SequencePoint vc="3" uspid="46" ordinal="3" offset="31" sl="25" sc="13" el="25" ec="32" bec="0" bev="0" fileid="5" />
                <SequencePoint vc="3" uspid="47" ordinal="4" offset="39" sl="27" sc="13" el="27" ec="52" bec="0" bev="0" fileid="5" />
                <SequencePoint vc="3" uspid="48" ordinal="5" offset="52" sl="28" sc="9" el="28" ec="10" bec="0" bev="0" fileid="5" />
              </SequencePoints>
              <BranchPoints />
              <MethodPoint xsi:type="SequencePoint" vc="3" uspid="43" ordinal="0" offset="0" sl="20" sc="9" el="20" ec="10" bec="0" bev="0" fileid="5" />
            </Method>
            <Method visited="false" cyclomaticComplexity="1" nPathComplexity="0" sequenceCoverage="0" branchCoverage="0" crapScore="2" isConstructor="true" isStatic="false" isGetter="false" isSetter="false">
              <Summary numSequencePoints="0" visitedSequencePoints="0" numBranchPoints="0" visitedBranchPoints="0" sequenceCoverage="0" branchCoverage="0" maxCyclomaticComplexity="1" minCyclomaticComplexity="1" maxCrapScore="2" minCrapScore="2" visitedClasses="0" numClasses="0" visitedMethods="0" numMethods="0" />
              <MetadataToken>100663306</MetadataToken>
              <Name>System.Void Library.Tests.ContainsTests::.ctor()</Name>
              <SequencePoints />
              <BranchPoints />
              <MethodPoint vc="0" uspid="49" ordinal="0" offset="0" />
            </Method>
          </Methods>
        </Class>
        <Class>
          <Summary numSequencePoints="8" visitedSequencePoints="8" numBranchPoints="1" visitedBranchPoints="1" sequenceCoverage="100" branchCoverage="100" maxCyclomaticComplexity="1" minCyclomaticComplexity="1" maxCrapScore="2" minCrapScore="1" visitedClasses="1" numClasses="1" visitedMethods="1" numMethods="1" />
          <FullName>Library.Tests.CountHowMany2YearPublicationTests</FullName>
          <Methods>
            <Method visited="true" cyclomaticComplexity="1" nPathComplexity="0" sequenceCoverage="100" branchCoverage="100" crapScore="1" isConstructor="false" isStatic="false" isGetter="false" isSetter="false">
              <Summary numSequencePoints="8" visitedSequencePoints="8" numBranchPoints="1" visitedBranchPoints="1" sequenceCoverage="100" branchCoverage="100" maxCyclomaticComplexity="1" minCyclomaticComplexity="1" maxCrapScore="1" minCrapScore="1" visitedClasses="0" numClasses="0" visitedMethods="1" numMethods="1" />
              <MetadataToken>100663307</MetadataToken>
              <Name>System.Void Library.Tests.CountHowMany2YearPublicationTests::CountHowMany2YearOldCreations_CheckIfAmountIsRight_True(System.String,System.String,System.String,System.String,System.Int32,System.Int32,System.String,System.String,System.Int32)</Name>
              <FileRef uid="6" />
              <SequencePoints>
                <SequencePoint vc="3" uspid="50" ordinal="0" offset="0" sl="20" sc="9" el="20" ec="10" bec="0" bev="0" fileid="6" />
                <SequencePoint vc="3" uspid="51" ordinal="1" offset="1" sl="21" sc="13" el="21" ec="50" bec="0" bev="0" fileid="6" />
                <SequencePoint vc="3" uspid="52" ordinal="2" offset="7" sl="23" sc="13" el="23" ec="124" bec="0" bev="0" fileid="6" />
                <SequencePoint vc="3" uspid="53" ordinal="3" offset="31" sl="24" sc="13" el="24" ec="133" bec="0" bev="0" fileid="6" />
                <SequencePoint vc="3" uspid="54" ordinal="4" offset="75" sl="26" sc="13" el="26" ec="32" bec="0" bev="0" fileid="6" />
                <SequencePoint vc="3" uspid="55" ordinal="5" offset="83" sl="27" sc="13" el="27" ec="35" bec="0" bev="0" fileid="6" />
                <SequencePoint vc="3" uspid="56" ordinal="6" offset="91" sl="29" sc="13" el="29" ec="78" bec="0" bev="0" fileid="6" />
                <SequencePoint vc="3" uspid="57" ordinal="7" offset="105" sl="30" sc="9" el="30" ec="10" bec="0" bev="0" fileid="6" />
              </SequencePoints>
              <BranchPoints />
              <MethodPoint xsi:type="SequencePoint" vc="3" uspid="50" ordinal="0" offset="0" sl="20" sc="9" el="20" ec="10" bec="0" bev="0" fileid="6" />
            </Method>
            <Method visited="false" cyclomaticComplexity="1" nPathComplexity="0" sequenceCoverage="0" branchCoverage="0" crapScore="2" isConstructor="true" isStatic="false" isGetter="false" isSetter="false">
              <Summary numSequencePoints="0" visitedSequencePoints="0" numBranchPoints="0" visitedBranchPoints="0" sequenceCoverage="0" branchCoverage="0" maxCyclomaticComplexity="1" minCyclomaticComplexity="1" maxCrapScore="2" minCrapScore="2" visitedClasses="0" numClasses="0" visitedMethods="0" numMethods="0" />
              <MetadataToken>100663308</MetadataToken>
              <Name>System.Void Library.Tests.CountHowMany2YearPublicationTests::.ctor()</Name>
              <SequencePoints />
              <BranchPoints />
              <MethodPoint vc="0" uspid="58" ordinal="0" offset="0" />
            </Method>
          </Methods>
        </Class>
        <Class>
          <Summary numSequencePoints="8" visitedSequencePoints="8" numBranchPoints="1" visitedBranchPoints="1" sequenceCoverage="100" branchCoverage="100" maxCyclomaticComplexity="1" minCyclomaticComplexity="1" maxCrapScore="2" minCrapScore="1" visitedClasses="1" numClasses="1" visitedMethods="1" numMethods="1" />
          <FullName>Library.Tests.CountTests</FullName>
          <Methods>
            <Method visited="true" cyclomaticComplexity="1" nPathComplexity="0" sequenceCoverage="100" branchCoverage="100" crapScore="1" isConstructor="false" isStatic="false" isGetter="false" isSetter="false">
              <Summary numSequencePoints="8" visitedSequencePoints="8" numBranchPoints="1" visitedBranchPoints="1" sequenceCoverage="100" branchCoverage="100" maxCyclomaticComplexity="1" minCyclomaticComplexity="1" maxCrapScore="1" minCrapScore="1" visitedClasses="0" numClasses="0" visitedMethods="1" numMethods="1" />
              <MetadataToken>100663309</MetadataToken>
              <Name>System.Void Library.Tests.CountTests::Count_CheckIfRequiredCount_True(System.String,System.String,System.String,System.String,System.Int32,System.Int32,System.String,System.String,System.Int32)</Name>
              <FileRef uid="7" />
              <SequencePoints>
                <SequencePoint vc="3" uspid="59" ordinal="0" offset="0" sl="20" sc="9" el="20" ec="10" bec="0" bev="0" fileid="7" />
                <SequencePoint vc="3" uspid="60" ordinal="1" offset="1" sl="21" sc="13" el="21" ec="50" bec="0" bev="0" fileid="7" />
                <SequencePoint vc="3" uspid="61" ordinal="2" offset="7" sl="23" sc="13" el="23" ec="124" bec="0" bev="0" fileid="7" />
                <SequencePoint vc="3" uspid="62" ordinal="3" offset="31" sl="24" sc="13" el="24" ec="133" bec="0" bev="0" fileid="7" />
                <SequencePoint vc="3" uspid="63" ordinal="4" offset="75" sl="26" sc="13" el="26" ec="32" bec="0" bev="0" fileid="7" />
                <SequencePoint vc="3" uspid="64" ordinal="5" offset="83" sl="27" sc="13" el="27" ec="35" bec="0" bev="0" fileid="7" />
                <SequencePoint vc="3" uspid="65" ordinal="6" offset="91" sl="29" sc="13" el="29" ec="54" bec="0" bev="0" fileid="7" />
                <SequencePoint vc="3" uspid="66" ordinal="7" offset="105" sl="30" sc="9" el="30" ec="10" bec="0" bev="0" fileid="7" />
              </SequencePoints>
              <BranchPoints />
              <MethodPoint xsi:type="SequencePoint" vc="3" uspid="59" ordinal="0" offset="0" sl="20" sc="9" el="20" ec="10" bec="0" bev="0" fileid="7" />
            </Method>
            <Method visited="false" cyclomaticComplexity="1" nPathComplexity="0" sequenceCoverage="0" branchCoverage="0" crapScore="2" isConstructor="true" isStatic="false" isGetter="false" isSetter="false">
              <Summary numSequencePoints="0" visitedSequencePoints="0" numBranchPoints="0" visitedBranchPoints="0" sequenceCoverage="0" branchCoverage="0" maxCyclomaticComplexity="1" minCyclomaticComplexity="1" maxCrapScore="2" minCrapScore="2" visitedClasses="0" numClasses="0" visitedMethods="0" numMethods="0" />
              <MetadataToken>100663310</MetadataToken>
              <Name>System.Void Library.Tests.CountTests::.ctor()</Name>
              <SequencePoints />
              <BranchPoints />
              <MethodPoint vc="0" uspid="67" ordinal="0" offset="0" />
            </Method>
          </Methods>
        </Class>
        <Class>
          <Summary numSequencePoints="18" visitedSequencePoints="18" numBranchPoints="3" visitedBranchPoints="3" sequenceCoverage="100" branchCoverage="100" maxCyclomaticComplexity="1" minCyclomaticComplexity="1" maxCrapScore="2" minCrapScore="1" visitedClasses="1" numClasses="1" visitedMethods="3" numMethods="3" />
          <FullName>Library.Tests.ConstructorTests</FullName>
          <Methods>
            <Method visited="true" cyclomaticComplexity="1" nPathComplexity="0" sequenceCoverage="100" branchCoverage="100" crapScore="1" isConstructor="false" isStatic="false" isGetter="false" isSetter="false">
              <Summary numSequencePoints="7" visitedSequencePoints="7" numBranchPoints="1" visitedBranchPoints="1" sequenceCoverage="100" branchCoverage="100" maxCyclomaticComplexity="1" minCyclomaticComplexity="1" maxCrapScore="1" minCrapScore="1" visitedClasses="0" numClasses="0" visitedMethods="1" numMethods="1" />
              <MetadataToken>100663311</MetadataToken>
              <Name>System.Void Library.Tests.ConstructorTests::ConstructorWith3Parameters_PropertiesNotNull_True(System.String,System.String,System.String)</Name>
              <FileRef uid="8" />
              <SequencePoints>
                <SequencePoint vc="3" uspid="68" ordinal="0" offset="0" sl="19" sc="9" el="19" ec="10" bec="0" bev="0" fileid="8" />
                <SequencePoint vc="3" uspid="69" ordinal="1" offset="1" sl="20" sc="13" el="20" ec="50" bec="0" bev="0" fileid="8" />
                <SequencePoint vc="3" uspid="70" ordinal="2" offset="7" sl="21" sc="13" el="21" ec="48" bec="0" bev="0" fileid="8" />
                <SequencePoint vc="3" uspid="71" ordinal="3" offset="15" sl="22" sc="13" el="22" ec="40" bec="0" bev="0" fileid="8" />
                <SequencePoint vc="3" uspid="72" ordinal="4" offset="23" sl="23" sc="13" el="23" ec="48" bec="0" bev="0" fileid="8" />
                <SequencePoint vc="3" uspid="73" ordinal="5" offset="31" sl="25" sc="13" el="25" ec="40" bec="0" bev="0" fileid="8" />
                <SequencePoint vc="3" uspid="74" ordinal="6" offset="38" sl="26" sc="9" el="26" ec="10" bec="0" bev="0" fileid="8" />
              </SequencePoints>
              <BranchPoints />
              <MethodPoint xsi:type="SequencePoint" vc="3" uspid="68" ordinal="0" offset="0" sl="19" sc="9" el="19" ec="10" bec="0" bev="0" fileid="8" />
            </Method>
            <Method visited="true" cyclomaticComplexity="1" nPathComplexity="0" sequenceCoverage="100" branchCoverage="100" crapScore="1" isConstructor="false" isStatic="false" isGetter="false" isSetter="false">
              <Summary numSequencePoints="4" visitedSequencePoints="4" numBranchPoints="1" visitedBranchPoints="1" sequenceCoverage="100" branchCoverage="100" maxCyclomaticComplexity="1" minCyclomaticComplexity="1" maxCrapScore="1" minCrapScore="1" visitedClasses="0" numClasses="0" visitedMethods="1" numMethods="1" />
              <MetadataToken>100663312</MetadataToken>
              <Name>System.Void Library.Tests.ConstructorTests::ConstructorWith0Parameters_IsNull_True()</Name>
              <FileRef uid="8" />
              <SequencePoints>
                <SequencePoint vc="1" uspid="75" ordinal="0" offset="0" sl="29" sc="9" el="29" ec="10" bec="0" bev="0" fileid="8" />
                <SequencePoint vc="1" uspid="76" ordinal="1" offset="1" sl="30" sc="13" el="30" ec="50" bec="0" bev="0" fileid="8" />
                <SequencePoint vc="1" uspid="77" ordinal="2" offset="7" sl="31" sc="13" el="31" ec="49" bec="0" bev="0" fileid="8" />
                <SequencePoint vc="1" uspid="78" ordinal="3" offset="20" sl="32" sc="9" el="32" ec="10" bec="0" bev="0" fileid="8" />
              </SequencePoints>
              <BranchPoints />
              <MethodPoint xsi:type="SequencePoint" vc="1" uspid="75" ordinal="0" offset="0" sl="29" sc="9" el="29" ec="10" bec="0" bev="0" fileid="8" />
            </Method>
            <Method visited="true" cyclomaticComplexity="1" nPathComplexity="0" sequenceCoverage="100" branchCoverage="100" crapScore="1" isConstructor="false" isStatic="false" isGetter="false" isSetter="false">
              <Summary numSequencePoints="7" visitedSequencePoints="7" numBranchPoints="1" visitedBranchPoints="1" sequenceCoverage="100" branchCoverage="100" maxCyclomaticComplexity="1" minCyclomaticComplexity="1" maxCrapScore="1" minCrapScore="1" visitedClasses="0" numClasses="0" visitedMethods="1" numMethods="1" />
              <MetadataToken>100663313</MetadataToken>
              <Name>System.Void Library.Tests.ConstructorTests::ConstructorWithAContainer_BothCountsAreEqual_True(System.String,System.String,System.String,System.String,System.Int32,System.Int32,System.String,System.String)</Name>
              <FileRef uid="8" />
              <SequencePoints>
                <SequencePoint vc="3" uspid="79" ordinal="0" offset="0" sl="38" sc="9" el="38" ec="10" bec="0" bev="0" fileid="8" />
                <SequencePoint vc="3" uspid="80" ordinal="1" offset="1" sl="39" sc="13" el="39" ec="51" bec="0" bev="0" fileid="8" />
                <SequencePoint vc="3" uspid="81" ordinal="2" offset="9" sl="41" sc="13" el="41" ec="118" bec="0" bev="0" fileid="8" />
                <SequencePoint vc="3" uspid="82" ordinal="3" offset="33" sl="43" sc="13" el="43" ec="33" bec="0" bev="0" fileid="8" />
                <SequencePoint vc="3" uspid="83" ordinal="4" offset="41" sl="44" sc="13" el="44" ec="59" bec="0" bev="0" fileid="8" />
                <SequencePoint vc="3" uspid="84" ordinal="5" offset="48" sl="46" sc="13" el="46" ec="64" bec="0" bev="0" fileid="8" />
                <SequencePoint vc="3" uspid="85" ordinal="6" offset="66" sl="47" sc="9" el="47" ec="10" bec="0" bev="0" fileid="8" />
              </SequencePoints>
              <BranchPoints />
              <MethodPoint xsi:type="SequencePoint" vc="3" uspid="79" ordinal="0" offset="0" sl="38" sc="9" el="38" ec="10" bec="0" bev="0" fileid="8" />
            </Method>
            <Method visited="false" cyclomaticComplexity="1" nPathComplexity="0" sequenceCoverage="0" branchCoverage="0" crapScore="2" isConstructor="true" isStatic="false" isGetter="false" isSetter="false">
              <Summary numSequencePoints="0" visitedSequencePoints="0" numBranchPoints="0" visitedBranchPoints="0" sequenceCoverage="0" branchCoverage="0" maxCyclomaticComplexity="1" minCyclomaticComplexity="1" maxCrapScore="2" minCrapScore="2" visitedClasses="0" numClasses="0" visitedMethods="0" numMethods="0" />
              <MetadataToken>100663314</MetadataToken>
              <Name>System.Void Library.Tests.ConstructorTests::.ctor()</Name>
              <SequencePoints />
              <BranchPoints />
              <MethodPoint vc="0" uspid="86" ordinal="0" offset="0" />
            </Method>
          </Methods>
        </Class>
        <Class>
          <Summary numSequencePoints="7" visitedSequencePoints="7" numBranchPoints="1" visitedBranchPoints="1" sequenceCoverage="100" branchCoverage="100" maxCyclomaticComplexity="1" minCyclomaticComplexity="1" maxCrapScore="2" minCrapScore="1" visitedClasses="1" numClasses="1" visitedMethods="1" numMethods="1" />
          <FullName>Library.Tests.ReturnIndexValueTests</FullName>
          <Methods>
            <Method visited="true" cyclomaticComplexity="1" nPathComplexity="0" sequenceCoverage="100" branchCoverage="100" crapScore="1" isConstructor="false" isStatic="false" isGetter="false" isSetter="false">
              <Summary numSequencePoints="7" visitedSequencePoints="7" numBranchPoints="1" visitedBranchPoints="1" sequenceCoverage="100" branchCoverage="100" maxCyclomaticComplexity="1" minCyclomaticComplexity="1" maxCrapScore="1" minCrapScore="1" visitedClasses="0" numClasses="0" visitedMethods="1" numMethods="1" />
              <MetadataToken>100663315</MetadataToken>
              <Name>System.Void Library.Tests.ReturnIndexValueTests::ReturnIndexValue_CheckIfReturnsRightValue_True(System.String,System.String,System.String,System.String,System.Int32,System.Int32,System.String,System.String,System.Int32)</Name>
              <FileRef uid="9" />
              <SequencePoints>
                <SequencePoint vc="3" uspid="87" ordinal="0" offset="0" sl="20" sc="9" el="20" ec="10" bec="0" bev="0" fileid="9" />
                <SequencePoint vc="3" uspid="88" ordinal="1" offset="1" sl="21" sc="13" el="21" ec="50" bec="0" bev="0" fileid="9" />
                <SequencePoint vc="3" uspid="89" ordinal="2" offset="7" sl="23" sc="13" el="23" ec="124" bec="0" bev="0" fileid="9" />
                <SequencePoint vc="3" uspid="90" ordinal="3" offset="31" sl="25" sc="13" el="25" ec="32" bec="0" bev="0" fileid="9" />
                <SequencePoint vc="3" uspid="91" ordinal="4" offset="39" sl="27" sc="13" el="27" ec="68" bec="0" bev="0" fileid="9" />
                <SequencePoint vc="3" uspid="92" ordinal="5" offset="48" sl="29" sc="13" el="29" ec="43" bec="0" bev="0" fileid="9" />
                <SequencePoint vc="3" uspid="93" ordinal="6" offset="56" sl="30" sc="9" el="30" ec="10" bec="0" bev="0" fileid="9" />
              </SequencePoints>
              <BranchPoints />
              <MethodPoint xsi:type="SequencePoint" vc="3" uspid="87" ordinal="0" offset="0" sl="20" sc="9" el="20" ec="10" bec="0" bev="0" fileid="9" />
            </Method>
            <Method visited="false" cyclomaticComplexity="1" nPathComplexity="0" sequenceCoverage="0" branchCoverage="0" crapScore="2" isConstructor="true" isStatic="false" isGetter="false" isSetter="false">
              <Summary numSequencePoints="0" visitedSequencePoints="0" numBranchPoints="0" visitedBranchPoints="0" sequenceCoverage="0" branchCoverage="0" maxCyclomaticComplexity="1" minCyclomaticComplexity="1" maxCrapScore="2" minCrapScore="2" visitedClasses="0" numClasses="0" visitedMethods="0" numMethods="0" />
              <MetadataToken>100663316</MetadataToken>
              <Name>System.Void Library.Tests.ReturnIndexValueTests::.ctor()</Name>
              <SequencePoints />
              <BranchPoints />
              <MethodPoint vc="0" uspid="94" ordinal="0" offset="0" />
            </Method>
          </Methods>
        </Class>
        <Class>
          <Summary numSequencePoints="13" visitedSequencePoints="13" numBranchPoints="1" visitedBranchPoints="1" sequenceCoverage="100" branchCoverage="100" maxCyclomaticComplexity="1" minCyclomaticComplexity="1" maxCrapScore="2" minCrapScore="1" visitedClasses="1" numClasses="1" visitedMethods="1" numMethods="1" />
          <FullName>Library.Tests.SortTests</FullName>
          <Methods>
            <Method visited="true" cyclomaticComplexity="1" nPathComplexity="0" sequenceCoverage="100" branchCoverage="100" crapScore="1" isConstructor="false" isStatic="false" isGetter="false" isSetter="false">
              <Summary numSequencePoints="13" visitedSequencePoints="13" numBranchPoints="1" visitedBranchPoints="1" sequenceCoverage="100" branchCoverage="100" maxCyclomaticComplexity="1" minCyclomaticComplexity="1" maxCrapScore="1" minCrapScore="1" visitedClasses="0" numClasses="0" visitedMethods="1" numMethods="1" />
              <MetadataToken>100663317</MetadataToken>
              <Name>System.Void Library.Tests.SortTests::Sort_CheckIfSortedCorrectly_True()</Name>
              <FileRef uid="10" />
              <SequencePoints>
                <SequencePoint vc="1" uspid="95" ordinal="0" offset="0" sl="17" sc="9" el="17" ec="10" bec="0" bev="0" fileid="10" />
                <SequencePoint vc="1" uspid="96" ordinal="1" offset="1" sl="18" sc="13" el="18" ec="50" bec="0" bev="0" fileid="10" />
                <SequencePoint vc="1" uspid="97" ordinal="2" offset="7" sl="20" sc="13" el="20" ec="154" bec="0" bev="0" fileid="10" />
                <SequencePoint vc="1" uspid="98" ordinal="3" offset="58" sl="21" sc="13" el="21" ec="150" bec="0" bev="0" fileid="10" />
                <SequencePoint vc="1" uspid="99" ordinal="4" offset="109" sl="22" sc="13" el="22" ec="164" bec="0" bev="0" fileid="10" />
                <SequencePoint vc="1" uspid="100" ordinal="5" offset="160" sl="24" sc="13" el="24" ec="33" bec="0" bev="0" fileid="10" />
                <SequencePoint vc="1" uspid="101" ordinal="6" offset="168" sl="25" sc="13" el="25" ec="33" bec="0" bev="0" fileid="10" />
                <SequencePoint vc="1" uspid="102" ordinal="7" offset="176" sl="26" sc="13" el="26" ec="33" bec="0" bev="0" fileid="10" />
                <SequencePoint vc="1" uspid="103" ordinal="8" offset="184" sl="28" sc="13" el="28" ec="29" bec="0" bev="0" fileid="10" />
                <SequencePoint vc="1" uspid="104" ordinal="9" offset="191" sl="30" sc="13" el="30" ec="66" bec="0" bev="0" fileid="10" />
                <SequencePoint vc="1" uspid="105" ordinal="10" offset="205" sl="31" sc="13" el="31" ec="66" bec="0" bev="0" fileid="10" />
                <SequencePoint vc="1" uspid="106" ordinal="11" offset="219" sl="32" sc="13" el="32" ec="66" bec="0" bev="0" fileid="10" />
                <SequencePoint vc="1" uspid="107" ordinal="12" offset="233" sl="33" sc="9" el="33" ec="10" bec="0" bev="0" fileid="10" />
              </SequencePoints>
              <BranchPoints />
              <MethodPoint xsi:type="SequencePoint" vc="1" uspid="95" ordinal="0" offset="0" sl="17" sc="9" el="17" ec="10" bec="0" bev="0" fileid="10" />
            </Method>
            <Method visited="false" cyclomaticComplexity="1" nPathComplexity="0" sequenceCoverage="0" branchCoverage="0" crapScore="2" isConstructor="true" isStatic="false" isGetter="false" isSetter="false">
              <Summary numSequencePoints="0" visitedSequencePoints="0" numBranchPoints="0" visitedBranchPoints="0" sequenceCoverage="0" branchCoverage="0" maxCyclomaticComplexity="1" minCyclomaticComplexity="1" maxCrapScore="2" minCrapScore="2" visitedClasses="0" numClasses="0" visitedMethods="0" numMethods="0" />
              <MetadataToken>100663318</MetadataToken>
              <Name>System.Void Library.Tests.SortTests::.ctor()</Name>
              <SequencePoints />
              <BranchPoints />
              <MethodPoint vc="0" uspid="108" ordinal="0" offset="0" />
            </Method>
          </Methods>
        </Class>
      </Classes>
    </Module>
    <Module hash="22-23-DF-05-7B-C4-C0-B2-7D-F8-4C-85-BA-85-23-E2-5A-58-A9-E3">
      <Summary numSequencePoints="931" visitedSequencePoints="200" numBranchPoints="294" visitedBranchPoints="86" sequenceCoverage="21.48" branchCoverage="29.25" maxCyclomaticComplexity="10" minCyclomaticComplexity="1" maxCrapScore="110" minCrapScore="1" visitedClasses="6" numClasses="8" visitedMethods="44" numMethods="84" />
      <ModulePath>C:\Users\User\OneDrive\Desktop\VSP\RegisterTests\bin\Debug\fine-code-coverage\build-output\Library.dll</ModulePath>
      <ModuleTime>2023-04-30T23:45:59.9804395Z</ModuleTime>
      <ModuleName>Library</ModuleName>
      <Files>
        <File uid="21" fullPath="C:\Users\User\OneDrive\Desktop\VSP\Library\Book.cs" />
        <File uid="22" fullPath="C:\Users\User\OneDrive\Desktop\VSP\Library\Container.cs" />
        <File uid="23" fullPath="C:\Users\User\OneDrive\Desktop\VSP\Library\InOut.cs" />
        <File uid="24" fullPath="C:\Users\User\OneDrive\Desktop\VSP\Library\Journal.cs" />
        <File uid="25" fullPath="C:\Users\User\OneDrive\Desktop\VSP\Library\Newspaper.cs" />
        <File uid="26" fullPath="C:\Users\User\OneDrive\Desktop\VSP\Library\Publication.cs" />
        <File uid="27" fullPath="C:\Users\User\OneDrive\Desktop\VSP\Library\TaskUtils.cs" />
        <File uid="28" fullPath="C:\Users\User\OneDrive\Desktop\VSP\Library\UIForClient.aspx.cs" />
        <File uid="29" fullPath="C:\Users\User\OneDrive\Desktop\VSP\Library\UIForClient.cs" />
      </Files>
      <Classes>
        <Class>
          <Summary numSequencePoints="53" visitedSequencePoints="15" numBranchPoints="32" visitedBranchPoints="7" sequenceCoverage="28.30" branchCoverage="21.88" maxCyclomaticComplexity="6" minCyclomaticComplexity="1" maxCrapScore="30" minCrapScore="1" visitedClasses="1" numClasses="1" visitedMethods="4" numMethods="10" />
          <FullName>Library.Book</FullName>
          <Methods>
            <Method visited="false" cyclomaticComplexity="1" nPathComplexity="0" sequenceCoverage="0" branchCoverage="0" crapScore="2" isConstructor="false" isStatic="false" isGetter="true" isSetter="false">
              <Summary numSequencePoints="1" visitedSequencePoints="0" numBranchPoints="1" visitedBranchPoints="0" sequenceCoverage="0" branchCoverage="0" maxCyclomaticComplexity="1" minCyclomaticComplexity="1" maxCrapScore="2" minCrapScore="2" visitedClasses="0" numClasses="0" visitedMethods="0" numMethods="1" />
              <MetadataToken>100663297</MetadataToken>
              <Name>System.String Library.Book::get_ISBN()</Name>
              <FileRef uid="21" />
              <SequencePoints>
                <SequencePoint vc="0" uspid="109" ordinal="0" offset="0" sl="13" sc="30" el="13" ec="34" bec="0" bev="0" fileid="21" />
              </SequencePoints>
              <BranchPoints />
              <MethodPoint xsi:type="SequencePoint" vc="0" uspid="109" ordinal="0" offset="0" sl="13" sc="30" el="13" ec="34" bec="0" bev="0" fileid="21" />
            </Method>
            <Method visited="true" cyclomaticComplexity="1" nPathComplexity="0" sequenceCoverage="100" branchCoverage="100" crapScore="1" isConstructor="false" isStatic="false" isGetter="false" isSetter="true">
              <Summary numSequencePoints="1" visitedSequencePoints="1" numBranchPoints="1" visitedBranchPoints="1" sequenceCoverage="100" branchCoverage="100" maxCyclomaticComplexity="1" minCyclomaticComplexity="1" maxCrapScore="1" minCrapScore="1" visitedClasses="0" numClasses="0" visitedMethods="1" numMethods="1" />
              <MetadataToken>100663298</MetadataToken>
              <Name>System.Void Library.Book::set_ISBN(System.String)</Name>
              <FileRef uid="21" />
              <SequencePoints>
                <SequencePoint vc="30" uspid="110" ordinal="0" offset="0" sl="13" sc="35" el="13" ec="47" bec="0" bev="0" fileid="21" />
              </SequencePoints>
              <BranchPoints />
              <MethodPoint xsi:type="SequencePoint" vc="30" uspid="110" ordinal="0" offset="0" sl="13" sc="35" el="13" ec="47" bec="0" bev="0" fileid="21" />
            </Method>
            <Method visited="false" cyclomaticComplexity="1" nPathComplexity="0" sequenceCoverage="0" branchCoverage="0" crapScore="2" isConstructor="false" isStatic="false" isGetter="true" isSetter="false">
              <Summary numSequencePoints="1" visitedSequencePoints="0" numBranchPoints="1" visitedBranchPoints="0" sequenceCoverage="0" branchCoverage="0" maxCyclomaticComplexity="1" minCyclomaticComplexity="1" maxCrapScore="2" minCrapScore="2" visitedClasses="0" numClasses="0" visitedMethods="0" numMethods="1" />
              <MetadataToken>100663299</MetadataToken>
              <Name>System.String Library.Book::get_Author()</Name>
              <FileRef uid="21" />
              <SequencePoints>
                <SequencePoint vc="0" uspid="111" ordinal="0" offset="0" sl="14" sc="32" el="14" ec="36" bec="0" bev="0" fileid="21" />
              </SequencePoints>
              <BranchPoints />
              <MethodPoint xsi:type="SequencePoint" vc="0" uspid="111" ordinal="0" offset="0" sl="14" sc="32" el="14" ec="36" bec="0" bev="0" fileid="21" />
            </Method>
            <Method visited="true" cyclomaticComplexity="1" nPathComplexity="0" sequenceCoverage="100" branchCoverage="100" crapScore="1" isConstructor="false" isStatic="false" isGetter="false" isSetter="true">
              <Summary numSequencePoints="1" visitedSequencePoints="1" numBranchPoints="1" visitedBranchPoints="1" sequenceCoverage="100" branchCoverage="100" maxCyclomaticComplexity="1" minCyclomaticComplexity="1" maxCrapScore="1" minCrapScore="1" visitedClasses="0" numClasses="0" visitedMethods="1" numMethods="1" />
              <MetadataToken>100663300</MetadataToken>
              <Name>System.Void Library.Book::set_Author(System.String)</Name>
              <FileRef uid="21" />
              <SequencePoints>
                <SequencePoint vc="30" uspid="112" ordinal="0" offset="0" sl="14" sc="37" el="14" ec="49" bec="0" bev="0" fileid="21" />
              </SequencePoints>
              <BranchPoints />
              <MethodPoint xsi:type="SequencePoint" vc="30" uspid="112" ordinal="0" offset="0" sl="14" sc="37" el="14" ec="49" bec="0" bev="0" fileid="21" />
            </Method>
            <Method visited="true" cyclomaticComplexity="1" nPathComplexity="0" sequenceCoverage="100" branchCoverage="100" crapScore="1" isConstructor="true" isStatic="false" isGetter="false" isSetter="false">
              <Summary numSequencePoints="5" visitedSequencePoints="5" numBranchPoints="1" visitedBranchPoints="1" sequenceCoverage="100" branchCoverage="100" maxCyclomaticComplexity="1" minCyclomaticComplexity="1" maxCrapScore="1" minCrapScore="1" visitedClasses="0" numClasses="0" visitedMethods="1" numMethods="1" />
              <MetadataToken>100663301</MetadataToken>
              <Name>System.Void Library.Book::.ctor(System.String,System.String,System.String,System.DateTime,System.Int32,System.Int32,System.String,System.String)</Name>
              <FileRef uid="21" />
              <SequencePoints>
                <SequencePoint vc="30" uspid="113" ordinal="0" offset="0" sl="26" sc="149" el="26" ec="213" bec="0" bev="0" fileid="21" />
                <SequencePoint vc="30" uspid="114" ordinal="1" offset="16" sl="27" sc="9" el="27" ec="10" bec="0" bev="0" fileid="21" />
                <SequencePoint vc="30" uspid="115" ordinal="2" offset="17" sl="28" sc="13" el="28" ec="30" bec="0" bev="0" fileid="21" />
                <SequencePoint vc="30" uspid="116" ordinal="3" offset="26" sl="29" sc="13" el="29" ec="34" bec="0" bev="0" fileid="21" />
                <SequencePoint vc="30" uspid="117" ordinal="4" offset="35" sl="30" sc="9" el="30" ec="10" bec="0" bev="0" fileid="21" />
              </SequencePoints>
              <BranchPoints />
              <MethodPoint xsi:type="SequencePoint" vc="30" uspid="113" ordinal="0" offset="0" sl="26" sc="149" el="26" ec="213" bec="0" bev="0" fileid="21" />
            </Method>
            <Method visited="true" cyclomaticComplexity="6" nPathComplexity="32" sequenceCoverage="44.44" branchCoverage="36.36" crapScore="12.17" isConstructor="false" isStatic="false" isGetter="false" isSetter="false">
              <Summary numSequencePoints="18" visitedSequencePoints="8" numBranchPoints="11" visitedBranchPoints="4" sequenceCoverage="44.44" branchCoverage="36.36" maxCyclomaticComplexity="6" minCyclomaticComplexity="6" maxCrapScore="12.17" minCrapScore="12.17" visitedClasses="0" numClasses="0" visitedMethods="1" numMethods="1" />
              <MetadataToken>100663302</MetadataToken>
              <Name>System.Int32 Library.Book::CompareTo(System.Object)</Name>
              <FileRef uid="21" />
              <SequencePoints>
                <SequencePoint vc="4" uspid="118" ordinal="0" offset="0" sl="37" sc="9" el="37" ec="10" bec="0" bev="0" fileid="21" />
                <SequencePoint vc="4" uspid="119" ordinal="1" offset="1" sl="38" sc="13" el="38" ec="31" bec="2" bev="1" fileid="21" />
                <SequencePoint vc="4" uspid="120" ordinal="2" offset="14" sl="39" sc="13" el="39" ec="14" bec="0" bev="0" fileid="21" />
                <SequencePoint vc="4" uspid="121" ordinal="3" offset="15" sl="40" sc="17" el="40" ec="43" bec="2" bev="1" fileid="21" />
                <SequencePoint vc="0" uspid="122" ordinal="4" offset="23" sl="41" sc="21" el="41" ec="30" bec="0" bev="0" fileid="21" />
                <SequencePoint vc="4" uspid="123" ordinal="5" offset="30" sl="43" sc="17" el="43" ec="92" bec="2" bev="1" fileid="21" />
                <SequencePoint vc="4" uspid="124" ordinal="6" offset="81" sl="44" sc="17" el="44" ec="18" bec="0" bev="0" fileid="21" />
                <SequencePoint vc="4" uspid="125" ordinal="7" offset="82" sl="45" sc="21" el="45" ec="94" bec="0" bev="0" fileid="21" />
                <SequencePoint vc="0" uspid="126" ordinal="8" offset="129" sl="47" sc="13" el="47" ec="14" bec="0" bev="0" fileid="21" />
                <SequencePoint vc="0" uspid="127" ordinal="9" offset="132" sl="49" sc="13" el="49" ec="14" bec="0" bev="0" fileid="21" />
                <SequencePoint vc="0" uspid="128" ordinal="10" offset="133" sl="50" sc="17" el="50" ec="43" bec="2" bev="0" fileid="21" />
                <SequencePoint vc="0" uspid="129" ordinal="11" offset="143" sl="51" sc="21" el="51" ec="30" bec="0" bev="0" fileid="21" />
                <SequencePoint vc="0" uspid="130" ordinal="12" offset="147" sl="53" sc="17" el="53" ec="99" bec="2" bev="0" fileid="21" />
                <SequencePoint vc="0" uspid="131" ordinal="13" offset="200" sl="54" sc="17" el="54" ec="18" bec="0" bev="0" fileid="21" />
                <SequencePoint vc="0" uspid="132" ordinal="14" offset="201" sl="55" sc="21" el="55" ec="101" bec="0" bev="0" fileid="21" />
                <SequencePoint vc="0" uspid="133" ordinal="15" offset="248" sl="57" sc="13" el="57" ec="14" bec="0" bev="0" fileid="21" />
                <SequencePoint vc="0" uspid="134" ordinal="16" offset="249" sl="58" sc="13" el="58" ec="22" bec="0" bev="0" fileid="21" />
                <SequencePoint vc="4" uspid="135" ordinal="17" offset="253" sl="59" sc="9" el="59" ec="10" bec="0" bev="0" fileid="21" />
              </SequencePoints>
              <BranchPoints>
                <BranchPoint vc="4" uspid="136" ordinal="0" offset="12" sl="38" path="0" offsetend="14" fileid="21" />
                <BranchPoint vc="0" uspid="137" ordinal="1" offset="12" sl="38" path="1" offsetend="132" fileid="21" />
                <BranchPoint vc="0" uspid="138" ordinal="2" offset="21" sl="40" path="0" offsetend="23" fileid="21" />
                <BranchPoint vc="4" uspid="139" ordinal="3" offset="21" sl="40" path="1" offsetend="30" fileid="21" />
                <BranchPoint vc="4" uspid="140" ordinal="4" offset="79" sl="43" path="0" offsetend="81" fileid="21" />
                <BranchPoint vc="0" uspid="141" ordinal="5" offset="79" sl="43" path="1" offsetend="129" fileid="21" />
                <BranchPoint vc="0" uspid="142" ordinal="6" offset="141" sl="50" path="0" offsetend="143" fileid="21" />
                <BranchPoint vc="0" uspid="143" ordinal="7" offset="141" sl="50" path="1" offsetend="147" fileid="21" />
                <BranchPoint vc="0" uspid="144" ordinal="8" offset="198" sl="53" path="0" offsetend="200" fileid="21" />
                <BranchPoint vc="0" uspid="145" ordinal="9" offset="198" sl="53" path="1" offsetend="248" fileid="21" />
              </BranchPoints>
              <MethodPoint xsi:type="SequencePoint" vc="4" uspid="118" ordinal="0" offset="0" sl="37" sc="9" el="37" ec="10" bec="0" bev="0" fileid="21" />
            </Method>
            <Method visited="false" cyclomaticComplexity="5" nPathComplexity="16" sequenceCoverage="0" branchCoverage="0" crapScore="30" isConstructor="false" isStatic="false" isGetter="false" isSetter="false">
              <Summary numSequencePoints="7" visitedSequencePoints="0" numBranchPoints="9" visitedBranchPoints="0" sequenceCoverage="0" branchCoverage="0" maxCyclomaticComplexity="5" minCyclomaticComplexity="5" maxCrapScore="30" minCrapScore="30" visitedClasses="0" numClasses="0" visitedMethods="0" numMethods="1" />
              <MetadataToken>100663303</MetadataToken>
              <Name>System.Boolean Library.Book::Equals(Library.Book)</Name>
              <FileRef uid="21" />
              <SequencePoints>
                <SequencePoint vc="0" uspid="146" ordinal="0" offset="0" sl="66" sc="9" el="66" ec="10" bec="0" bev="0" fileid="21" />
                <SequencePoint vc="0" uspid="147" ordinal="1" offset="1" sl="67" sc="13" el="67" ec="39" bec="2" bev="0" fileid="21" />
                <SequencePoint vc="0" uspid="148" ordinal="2" offset="9" sl="68" sc="17" el="68" ec="30" bec="0" bev="0" fileid="21" />
                <SequencePoint vc="0" uspid="149" ordinal="3" offset="13" sl="69" sc="13" el="69" ec="99" bec="5" bev="0" fileid="21" />
                <SequencePoint vc="0" uspid="150" ordinal="4" offset="75" sl="70" sc="17" el="70" ec="29" bec="0" bev="0" fileid="21" />
                <SequencePoint vc="0" uspid="151" ordinal="5" offset="79" sl="72" sc="17" el="72" ec="30" bec="0" bev="0" fileid="21" />
                <SequencePoint vc="0" uspid="152" ordinal="6" offset="83" sl="73" sc="9" el="73" ec="10" bec="0" bev="0" fileid="21" />
              </SequencePoints>
              <BranchPoints>
                <BranchPoint vc="0" uspid="153" ordinal="0" offset="7" sl="67" path="0" offsetend="9" fileid="21" />
                <BranchPoint vc="0" uspid="154" ordinal="1" offset="7" sl="67" path="1" offsetend="13" fileid="21" />
                <BranchPoint vc="0" uspid="155" ordinal="2" offset="30" sl="69" path="0" offsetend="32" fileid="21" />
                <BranchPoint vc="0" uspid="156" ordinal="3" offset="30" sl="69" path="1" offsetend="70" fileid="21" />
                <BranchPoint vc="0" uspid="157" ordinal="4" offset="49" sl="69" path="0" offsetend="51" fileid="21" />
                <BranchPoint vc="0" uspid="158" ordinal="5" offset="49" sl="69" path="1" offsetend="70" fileid="21" />
                <BranchPoint vc="0" uspid="159" ordinal="6" offset="73" sl="69" path="0" offsetend="75" fileid="21" />
                <BranchPoint vc="0" uspid="160" ordinal="7" offset="73" sl="69" path="1" offsetend="79" fileid="21" />
              </BranchPoints>
              <MethodPoint xsi:type="SequencePoint" vc="0" uspid="146" ordinal="0" offset="0" sl="66" sc="9" el="66" ec="10" bec="0" bev="0" fileid="21" />
            </Method>
            <Method visited="false" cyclomaticComplexity="3" nPathComplexity="4" sequenceCoverage="0" branchCoverage="0" crapScore="12" isConstructor="false" isStatic="false" isGetter="false" isSetter="false">
              <Summary numSequencePoints="8" visitedSequencePoints="0" numBranchPoints="5" visitedBranchPoints="0" sequenceCoverage="0" branchCoverage="0" maxCyclomaticComplexity="3" minCyclomaticComplexity="3" maxCrapScore="12" minCrapScore="12" visitedClasses="0" numClasses="0" visitedMethods="0" numMethods="1" />
              <MetadataToken>100663304</MetadataToken>
              <Name>System.Boolean Library.Book::Equals(System.Object)</Name>
              <FileRef uid="21" />
              <SequencePoints>
                <SequencePoint vc="0" uspid="161" ordinal="0" offset="0" sl="80" sc="9" el="80" ec="10" bec="0" bev="0" fileid="21" />
                <SequencePoint vc="0" uspid="162" ordinal="1" offset="1" sl="81" sc="13" el="81" ec="29" bec="2" bev="0" fileid="21" />
                <SequencePoint vc="0" uspid="163" ordinal="2" offset="9" sl="82" sc="17" el="82" ec="30" bec="0" bev="0" fileid="21" />
                <SequencePoint vc="0" uspid="164" ordinal="3" offset="13" sl="83" sc="13" el="83" ec="39" bec="0" bev="0" fileid="21" />
                <SequencePoint vc="0" uspid="165" ordinal="4" offset="20" sl="84" sc="13" el="84" ec="32" bec="2" bev="0" fileid="21" />
                <SequencePoint vc="0" uspid="166" ordinal="5" offset="28" sl="85" sc="17" el="85" ec="30" bec="0" bev="0" fileid="21" />
                <SequencePoint vc="0" uspid="167" ordinal="6" offset="32" sl="87" sc="17" el="87" ec="39" bec="0" bev="0" fileid="21" />
                <SequencePoint vc="0" uspid="168" ordinal="7" offset="42" sl="88" sc="9" el="88" ec="10" bec="0" bev="0" fileid="21" />
              </SequencePoints>
              <BranchPoints>
                <BranchPoint vc="0" uspid="169" ordinal="0" offset="7" sl="81" path="0" offsetend="9" fileid="21" />
                <BranchPoint vc="0" uspid="170" ordinal="1" offset="7" sl="81" path="1" offsetend="13" fileid="21" />
                <BranchPoint vc="0" uspid="171" ordinal="2" offset="26" sl="84" path="0" offsetend="28" fileid="21" />
                <BranchPoint vc="0" uspid="172" ordinal="3" offset="26" sl="84" path="1" offsetend="32" fileid="21" />
              </BranchPoints>
              <MethodPoint xsi:type="SequencePoint" vc="0" uspid="161" ordinal="0" offset="0" sl="80" sc="9" el="80" ec="10" bec="0" bev="0" fileid="21" />
            </Method>
            <Method visited="false" cyclomaticComplexity="1" nPathComplexity="0" sequenceCoverage="0" branchCoverage="0" crapScore="2" isConstructor="false" isStatic="false" isGetter="false" isSetter="false">
              <Summary numSequencePoints="8" visitedSequencePoints="0" numBranchPoints="1" visitedBranchPoints="0" sequenceCoverage="0" branchCoverage="0" maxCyclomaticComplexity="1" minCyclomaticComplexity="1" maxCrapScore="2" minCrapScore="2" visitedClasses="0" numClasses="0" visitedMethods="0" numMethods="1" />
              <MetadataToken>100663305</MetadataToken>
              <Name>System.Int32 Library.Book::GetHashCode()</Name>
              <FileRef uid="21" />
              <SequencePoints>
                <SequencePoint vc="0" uspid="173" ordinal="0" offset="0" sl="94" sc="9" el="94" ec="10" bec="0" bev="0" fileid="21" />
                <SequencePoint vc="0" uspid="174" ordinal="1" offset="1" sl="95" sc="13" el="95" ec="40" bec="0" bev="0" fileid="21" />
                <SequencePoint vc="0" uspid="175" ordinal="2" offset="7" sl="96" sc="13" el="96" ec="68" bec="0" bev="0" fileid="21" />
                <SequencePoint vc="0" uspid="176" ordinal="3" offset="22" sl="97" sc="13" el="97" ec="100" bec="0" bev="0" fileid="21" />
                <SequencePoint vc="0" uspid="177" ordinal="4" offset="47" sl="98" sc="13" el="98" ec="100" bec="0" bev="0" fileid="21" />
                <SequencePoint vc="0" uspid="178" ordinal="5" offset="72" sl="99" sc="13" el="99" ec="102" bec="0" bev="0" fileid="21" />
                <SequencePoint vc="0" uspid="179" ordinal="6" offset="97" sl="100" sc="13" el="100" ec="29" bec="0" bev="0" fileid="21" />
                <SequencePoint vc="0" uspid="180" ordinal="7" offset="101" sl="101" sc="9" el="101" ec="10" bec="0" bev="0" fileid="21" />
              </SequencePoints>
              <BranchPoints />
              <MethodPoint xsi:type="SequencePoint" vc="0" uspid="173" ordinal="0" offset="0" sl="94" sc="9" el="94" ec="10" bec="0" bev="0" fileid="21" />
            </Method>
            <Method visited="false" cyclomaticComplexity="1" nPathComplexity="0" sequenceCoverage="0" branchCoverage="0" crapScore="2" isConstructor="false" isStatic="false" isGetter="false" isSetter="false">
              <Summary numSequencePoints="3" visitedSequencePoints="0" numBranchPoints="1" visitedBranchPoints="0" sequenceCoverage="0" branchCoverage="0" maxCyclomaticComplexity="1" minCyclomaticComplexity="1" maxCrapScore="2" minCrapScore="2" visitedClasses="0" numClasses="0" visitedMethods="0" numMethods="1" />
              <MetadataToken>100663306</MetadataToken>
              <Name>System.String Library.Book::ToString()</Name>
              <FileRef uid="21" />
              <SequencePoints>
                <SequencePoint vc="0" uspid="181" ordinal="0" offset="0" sl="107" sc="9" el="107" ec="10" bec="0" bev="0" fileid="21" />
                <SequencePoint vc="0" uspid="182" ordinal="1" offset="1" sl="108" sc="13" el="108" ec="244" bec="0" bev="0" fileid="21" />
                <SequencePoint vc="0" uspid="183" ordinal="2" offset="143" sl="109" sc="9" el="109" ec="10" bec="0" bev="0" fileid="21" />
              </SequencePoints>
              <BranchPoints />
              <MethodPoint xsi:type="SequencePoint" vc="0" uspid="181" ordinal="0" offset="0" sl="107" sc="9" el="107" ec="10" bec="0" bev="0" fileid="21" />
            </Method>
          </Methods>
        </Class>
        <Class>
          <Summary numSequencePoints="98" visitedSequencePoints="28" numBranchPoints="47" visitedBranchPoints="12" sequenceCoverage="28.57" branchCoverage="25.53" maxCyclomaticComplexity="6" minCyclomaticComplexity="1" maxCrapScore="42" minCrapScore="1" visitedClasses="1" numClasses="1" visitedMethods="7" numMethods="11" />
          <FullName>Library.Container</FullName>
          <Methods>
            <Method visited="true" cyclomaticComplexity="1" nPathComplexity="0" sequenceCoverage="100" branchCoverage="100" crapScore="1" isConstructor="false" isStatic="false" isGetter="true" isSetter="false">
              <Summary numSequencePoints="1" visitedSequencePoints="1" numBranchPoints="1" visitedBranchPoints="1" sequenceCoverage="100" branchCoverage="100" maxCyclomaticComplexity="1" minCyclomaticComplexity="1" maxCrapScore="1" minCrapScore="1" visitedClasses="0" numClasses="0" visitedMethods="1" numMethods="1" />
              <MetadataToken>100663307</MetadataToken>
              <Name>System.Int32 Library.Container::get_Count()</Name>
              <FileRef uid="22" />
              <SequencePoints>
                <SequencePoint vc="204" uspid="184" ordinal="0" offset="0" sl="12" sc="28" el="12" ec="32" bec="0" bev="0" fileid="22" />
              </SequencePoints>
              <BranchPoints />
              <MethodPoint xsi:type="SequencePoint" vc="204" uspid="184" ordinal="0" offset="0" sl="12" sc="28" el="12" ec="32" bec="0" bev="0" fileid="22" />
            </Method>
            <Method visited="true" cyclomaticComplexity="1" nPathComplexity="0" sequenceCoverage="100" branchCoverage="100" crapScore="1" isConstructor="false" isStatic="false" isGetter="false" isSetter="true">
              <Summary numSequencePoints="1" visitedSequencePoints="1" numBranchPoints="1" visitedBranchPoints="1" sequenceCoverage="100" branchCoverage="100" maxCyclomaticComplexity="1" minCyclomaticComplexity="1" maxCrapScore="1" minCrapScore="1" visitedClasses="0" numClasses="0" visitedMethods="1" numMethods="1" />
              <MetadataToken>100663308</MetadataToken>
              <Name>System.Void Library.Container::set_Count(System.Int32)</Name>
              <FileRef uid="22" />
              <SequencePoints>
                <SequencePoint vc="64" uspid="185" ordinal="0" offset="0" sl="12" sc="33" el="12" ec="37" bec="0" bev="0" fileid="22" />
              </SequencePoints>
              <BranchPoints />
              <MethodPoint xsi:type="SequencePoint" vc="64" uspid="185" ordinal="0" offset="0" sl="12" sc="33" el="12" ec="37" bec="0" bev="0" fileid="22" />
            </Method>
            <Method visited="true" cyclomaticComplexity="1" nPathComplexity="0" sequenceCoverage="100" branchCoverage="100" crapScore="1" isConstructor="true" isStatic="false" isGetter="false" isSetter="false">
              <Summary numSequencePoints="5" visitedSequencePoints="5" numBranchPoints="1" visitedBranchPoints="1" sequenceCoverage="100" branchCoverage="100" maxCyclomaticComplexity="1" minCyclomaticComplexity="1" maxCrapScore="1" minCrapScore="1" visitedClasses="0" numClasses="0" visitedMethods="1" numMethods="1" />
              <MetadataToken>100663309</MetadataToken>
              <Name>System.Void Library.Container::.ctor(System.Int32)</Name>
              <FileRef uid="22" />
              <SequencePoints>
                <SequencePoint vc="44" uspid="186" ordinal="0" offset="0" sl="17" sc="9" el="17" ec="44" bec="0" bev="0" fileid="22" />
                <SequencePoint vc="44" uspid="187" ordinal="1" offset="7" sl="18" sc="9" el="18" ec="10" bec="0" bev="0" fileid="22" />
                <SequencePoint vc="44" uspid="188" ordinal="2" offset="8" sl="19" sc="13" el="19" ec="38" bec="0" bev="0" fileid="22" />
                <SequencePoint vc="44" uspid="189" ordinal="3" offset="15" sl="20" sc="13" el="20" ec="61" bec="0" bev="0" fileid="22" />
                <SequencePoint vc="44" uspid="190" ordinal="4" offset="27" sl="21" sc="9" el="21" ec="10" bec="0" bev="0" fileid="22" />
              </SequencePoints>
              <BranchPoints />
              <MethodPoint xsi:type="SequencePoint" vc="44" uspid="186" ordinal="0" offset="0" sl="17" sc="9" el="17" ec="44" bec="0" bev="0" fileid="22" />
            </Method>
            <Method visited="true" cyclomaticComplexity="2" nPathComplexity="2" sequenceCoverage="57.14" branchCoverage="66.67" crapScore="2.31" isConstructor="false" isStatic="false" isGetter="false" isSetter="false">
              <Summary numSequencePoints="7" visitedSequencePoints="4" numBranchPoints="3" visitedBranchPoints="2" sequenceCoverage="57.14" branchCoverage="66.67" maxCyclomaticComplexity="2" minCyclomaticComplexity="2" maxCrapScore="2.31" minCrapScore="2.31" visitedClasses="0" numClasses="0" visitedMethods="1" numMethods="1" />
              <MetadataToken>100663310</MetadataToken>
              <Name>System.Void Library.Container::Add(Library.Publication)</Name>
              <FileRef uid="22" />
              <SequencePoints>
                <SequencePoint vc="64" uspid="191" ordinal="0" offset="0" sl="27" sc="9" el="27" ec="10" bec="0" bev="0" fileid="22" />
                <SequencePoint vc="64" uspid="192" ordinal="1" offset="1" sl="28" sc="13" el="28" ec="45" bec="2" bev="1" fileid="22" />
                <SequencePoint vc="0" uspid="193" ordinal="2" offset="19" sl="29" sc="13" el="29" ec="14" bec="0" bev="0" fileid="22" />
                <SequencePoint vc="0" uspid="194" ordinal="3" offset="20" sl="30" sc="17" el="30" ec="53" bec="0" bev="0" fileid="22" />
                <SequencePoint vc="0" uspid="195" ordinal="4" offset="35" sl="31" sc="13" el="31" ec="14" bec="0" bev="0" fileid="22" />
                <SequencePoint vc="64" uspid="196" ordinal="5" offset="36" sl="32" sc="13" el="32" ec="62" bec="0" bev="0" fileid="22" />
                <SequencePoint vc="64" uspid="197" ordinal="6" offset="62" sl="33" sc="9" el="33" ec="10" bec="0" bev="0" fileid="22" />
              </SequencePoints>
              <BranchPoints>
                <BranchPoint vc="0" uspid="198" ordinal="0" offset="17" sl="28" path="0" offsetend="19" fileid="22" />
                <BranchPoint vc="64" uspid="199" ordinal="1" offset="17" sl="28" path="1" offsetend="36" fileid="22" />
              </BranchPoints>
              <MethodPoint xsi:type="SequencePoint" vc="64" uspid="191" ordinal="0" offset="0" sl="27" sc="9" el="27" ec="10" bec="0" bev="0" fileid="22" />
            </Method>
            <Method visited="true" cyclomaticComplexity="1" nPathComplexity="0" sequenceCoverage="100" branchCoverage="100" crapScore="1" isConstructor="false" isStatic="false" isGetter="false" isSetter="false">
              <Summary numSequencePoints="3" visitedSequencePoints="3" numBranchPoints="1" visitedBranchPoints="1" sequenceCoverage="100" branchCoverage="100" maxCyclomaticComplexity="1" minCyclomaticComplexity="1" maxCrapScore="1" minCrapScore="1" visitedClasses="0" numClasses="0" visitedMethods="1" numMethods="1" />
              <MetadataToken>100663311</MetadataToken>
              <Name>Library.Publication Library.Container::Get(System.Int32)</Name>
              <FileRef uid="22" />
              <SequencePoints>
                <SequencePoint vc="44" uspid="200" ordinal="0" offset="0" sl="40" sc="9" el="40" ec="10" bec="0" bev="0" fileid="22" />
                <SequencePoint vc="44" uspid="201" ordinal="1" offset="1" sl="41" sc="13" el="41" ec="48" bec="0" bev="0" fileid="22" />
                <SequencePoint vc="44" uspid="202" ordinal="2" offset="12" sl="42" sc="9" el="42" ec="10" bec="0" bev="0" fileid="22" />
              </SequencePoints>
              <BranchPoints />
              <MethodPoint xsi:type="SequencePoint" vc="44" uspid="200" ordinal="0" offset="0" sl="40" sc="9" el="40" ec="10" bec="0" bev="0" fileid="22" />
            </Method>
            <Method visited="false" cyclomaticComplexity="3" nPathComplexity="4" sequenceCoverage="0" branchCoverage="0" crapScore="12" isConstructor="false" isStatic="false" isGetter="false" isSetter="false">
              <Summary numSequencePoints="14" visitedSequencePoints="0" numBranchPoints="5" visitedBranchPoints="0" sequenceCoverage="0" branchCoverage="0" maxCyclomaticComplexity="3" minCyclomaticComplexity="3" maxCrapScore="12" minCrapScore="12" visitedClasses="0" numClasses="0" visitedMethods="0" numMethods="1" />
              <MetadataToken>100663312</MetadataToken>
              <Name>System.Void Library.Container::EnsureCapacity(System.Int32)</Name>
              <FileRef uid="22" />
              <SequencePoints>
                <SequencePoint vc="0" uspid="203" ordinal="0" offset="0" sl="48" sc="9" el="48" ec="10" bec="0" bev="0" fileid="22" />
                <SequencePoint vc="0" uspid="204" ordinal="1" offset="1" sl="49" sc="13" el="49" ec="49" bec="2" bev="0" fileid="22" />
                <SequencePoint vc="0" uspid="205" ordinal="2" offset="14" sl="50" sc="13" el="50" ec="14" bec="0" bev="0" fileid="22" />
                <SequencePoint vc="0" uspid="206" ordinal="3" offset="15" sl="51" sc="17" el="51" ec="71" bec="0" bev="0" fileid="22" />
                <SequencePoint vc="0" uspid="207" ordinal="4" offset="22" sl="52" sc="22" el="52" ec="31" bec="0" bev="0" fileid="22" />
                <SequencePoint vc="0" uspid="208" ordinal="5" offset="26" sl="53" sc="17" el="53" ec="18" bec="0" bev="0" fileid="22" />
                <SequencePoint vc="0" uspid="209" ordinal="6" offset="27" sl="54" sc="21" el="54" ec="55" bec="0" bev="0" fileid="22" />
                <SequencePoint vc="0" uspid="210" ordinal="7" offset="38" sl="55" sc="17" el="55" ec="18" bec="0" bev="0" fileid="22" />
                <SequencePoint vc="0" uspid="211" ordinal="8" offset="39" sl="52" sc="49" el="52" ec="52" bec="0" bev="0" fileid="22" />
                <SequencePoint vc="0" uspid="212" ordinal="9" offset="43" sl="52" sc="33" el="52" ec="47" bec="2" bev="0" fileid="22" />
                <SequencePoint vc="0" uspid="213" ordinal="10" offset="56" sl="56" sc="17" el="56" ec="49" bec="0" bev="0" fileid="22" />
                <SequencePoint vc="0" uspid="214" ordinal="11" offset="63" sl="57" sc="17" el="57" ec="45" bec="0" bev="0" fileid="22" />
                <SequencePoint vc="0" uspid="215" ordinal="12" offset="70" sl="58" sc="13" el="58" ec="14" bec="0" bev="0" fileid="22" />
                <SequencePoint vc="0" uspid="216" ordinal="13" offset="71" sl="59" sc="9" el="59" ec="10" bec="0" bev="0" fileid="22" />
              </SequencePoints>
              <BranchPoints>
                <BranchPoint vc="0" uspid="217" ordinal="0" offset="12" sl="49" path="0" offsetend="14" fileid="22" />
                <BranchPoint vc="0" uspid="218" ordinal="1" offset="12" sl="49" path="1" offsetend="71" fileid="22" />
                <BranchPoint vc="0" uspid="219" ordinal="2" offset="54" sl="52" path="0" offsetend="56" fileid="22" />
                <BranchPoint vc="0" uspid="220" ordinal="3" offset="54" sl="52" path="1" offsetend="26" fileid="22" />
              </BranchPoints>
              <MethodPoint xsi:type="SequencePoint" vc="0" uspid="203" ordinal="0" offset="0" sl="48" sc="9" el="48" ec="10" bec="0" bev="0" fileid="22" />
            </Method>
            <Method visited="true" cyclomaticComplexity="3" nPathComplexity="4" sequenceCoverage="72.73" branchCoverage="60" crapScore="3.18" isConstructor="false" isStatic="false" isGetter="false" isSetter="false">
              <Summary numSequencePoints="11" visitedSequencePoints="8" numBranchPoints="5" visitedBranchPoints="3" sequenceCoverage="72.73" branchCoverage="60" maxCyclomaticComplexity="3" minCyclomaticComplexity="3" maxCrapScore="3.18" minCrapScore="3.18" visitedClasses="0" numClasses="0" visitedMethods="1" numMethods="1" />
              <MetadataToken>100663313</MetadataToken>
              <Name>System.Boolean Library.Container::Contains(Library.Publication)</Name>
              <FileRef uid="22" />
              <SequencePoints>
                <SequencePoint vc="3" uspid="221" ordinal="0" offset="0" sl="66" sc="9" el="66" ec="10" bec="0" bev="0" fileid="22" />
                <SequencePoint vc="3" uspid="222" ordinal="1" offset="1" sl="67" sc="18" el="67" ec="27" bec="0" bev="0" fileid="22" />
                <SequencePoint vc="3" uspid="223" ordinal="2" offset="5" sl="68" sc="13" el="68" ec="14" bec="0" bev="0" fileid="22" />
                <SequencePoint vc="3" uspid="224" ordinal="3" offset="6" sl="69" sc="17" el="69" ec="65" bec="2" bev="1" fileid="22" />
                <SequencePoint vc="3" uspid="225" ordinal="4" offset="24" sl="70" sc="17" el="70" ec="18" bec="0" bev="0" fileid="22" />
                <SequencePoint vc="3" uspid="226" ordinal="5" offset="25" sl="71" sc="21" el="71" ec="33" bec="0" bev="0" fileid="22" />
                <SequencePoint vc="0" uspid="227" ordinal="6" offset="29" sl="73" sc="13" el="73" ec="14" bec="0" bev="0" fileid="22" />
                <SequencePoint vc="0" uspid="228" ordinal="7" offset="30" sl="67" sc="45" el="67" ec="48" bec="0" bev="0" fileid="22" />
                <SequencePoint vc="3" uspid="229" ordinal="8" offset="34" sl="67" sc="29" el="67" ec="43" bec="2" bev="1" fileid="22" />
                <SequencePoint vc="0" uspid="230" ordinal="9" offset="47" sl="74" sc="13" el="74" ec="26" bec="0" bev="0" fileid="22" />
                <SequencePoint vc="3" uspid="231" ordinal="10" offset="51" sl="75" sc="9" el="75" ec="10" bec="0" bev="0" fileid="22" />
              </SequencePoints>
              <BranchPoints>
                <BranchPoint vc="3" uspid="232" ordinal="0" offset="22" sl="69" path="0" offsetend="24" fileid="22" />
                <BranchPoint vc="0" uspid="233" ordinal="1" offset="22" sl="69" path="1" offsetend="29" fileid="22" />
                <BranchPoint vc="0" uspid="234" ordinal="2" offset="45" sl="67" path="0" offsetend="47" fileid="22" />
                <BranchPoint vc="3" uspid="235" ordinal="3" offset="45" sl="67" path="1" offsetend="5" fileid="22" />
              </BranchPoints>
              <MethodPoint xsi:type="SequencePoint" vc="3" uspid="221" ordinal="0" offset="0" sl="66" sc="9" el="66" ec="10" bec="0" bev="0" fileid="22" />
            </Method>
            <Method visited="true" cyclomaticComplexity="3" nPathComplexity="4" sequenceCoverage="100" branchCoverage="60" crapScore="3" isConstructor="false" isStatic="false" isGetter="false" isSetter="false">
              <Summary numSequencePoints="6" visitedSequencePoints="6" numBranchPoints="5" visitedBranchPoints="3" sequenceCoverage="100" branchCoverage="60" maxCyclomaticComplexity="3" minCyclomaticComplexity="3" maxCrapScore="3" minCrapScore="3" visitedClasses="0" numClasses="0" visitedMethods="1" numMethods="1" />
              <MetadataToken>100663314</MetadataToken>
              <Name>System.Void Library.Container::Put(Library.Publication,System.Int32)</Name>
              <FileRef uid="22" />
              <SequencePoints>
                <SequencePoint vc="2" uspid="236" ordinal="0" offset="0" sl="82" sc="9" el="82" ec="10" bec="0" bev="0" fileid="22" />
                <SequencePoint vc="2" uspid="237" ordinal="1" offset="1" sl="83" sc="13" el="83" ec="51" bec="4" bev="2" fileid="22" />
                <SequencePoint vc="2" uspid="238" ordinal="2" offset="24" sl="84" sc="13" el="84" ec="14" bec="0" bev="0" fileid="22" />
                <SequencePoint vc="2" uspid="239" ordinal="3" offset="25" sl="85" sc="17" el="85" ec="59" bec="0" bev="0" fileid="22" />
                <SequencePoint vc="2" uspid="240" ordinal="4" offset="34" sl="86" sc="13" el="86" ec="14" bec="0" bev="0" fileid="22" />
                <SequencePoint vc="2" uspid="241" ordinal="5" offset="35" sl="87" sc="9" el="87" ec="10" bec="0" bev="0" fileid="22" />
              </SequencePoints>
              <BranchPoints>
                <BranchPoint vc="0" uspid="242" ordinal="0" offset="3" sl="83" path="0" offsetend="5" fileid="22" />
[...]
                <SequencePoint vc="0" uspid="1150" ordinal="108" offset="1306" sl="168" sc="17" el="168" ec="18" bec="0" bev="0" fileid="29" />
                <SequencePoint vc="0" uspid="1151" ordinal="109" offset="1307" sl="169" sc="21" el="169" ec="54" bec="0" bev="0" fileid="29" />
                <SequencePoint vc="0" uspid="1152" ordinal="110" offset="1314" sl="170" sc="21" el="170" ec="46" bec="0" bev="0" fileid="29" />
                <SequencePoint vc="0" uspid="1153" ordinal="111" offset="1329" sl="172" sc="21" el="172" ec="54" bec="0" bev="0" fileid="29" />
                <SequencePoint vc="0" uspid="1154" ordinal="112" offset="1336" sl="173" sc="21" el="173" ec="46" bec="0" bev="0" fileid="29" />
                <SequencePoint vc="0" uspid="1155" ordinal="113" offset="1351" sl="175" sc="21" el="175" ec="59" bec="0" bev="0" fileid="29" />
                <SequencePoint vc="0" uspid="1156" ordinal="114" offset="1358" sl="176" sc="21" el="176" ec="56" bec="0" bev="0" fileid="29" />
                <SequencePoint vc="0" uspid="1157" ordinal="115" offset="1373" sl="178" sc="21" el="178" ec="54" bec="0" bev="0" fileid="29" />
                <SequencePoint vc="0" uspid="1158" ordinal="116" offset="1380" sl="179" sc="21" el="179" ec="76" bec="0" bev="0" fileid="29" />
                <SequencePoint vc="0" uspid="1159" ordinal="117" offset="1409" sl="181" sc="21" el="181" ec="55" bec="0" bev="0" fileid="29" />
                <SequencePoint vc="0" uspid="1160" ordinal="118" offset="1416" sl="182" sc="21" el="182" ec="63" bec="0" bev="0" fileid="29" />
                <SequencePoint vc="0" uspid="1161" ordinal="119" offset="1440" sl="184" sc="21" el="184" ec="61" bec="0" bev="0" fileid="29" />
                <SequencePoint vc="0" uspid="1162" ordinal="120" offset="1447" sl="185" sc="21" el="185" ec="71" bec="0" bev="0" fileid="29" />
                <SequencePoint vc="0" uspid="1163" ordinal="121" offset="1471" sl="187" sc="21" el="187" ec="61" bec="0" bev="0" fileid="29" />
                <SequencePoint vc="0" uspid="1164" ordinal="122" offset="1478" sl="189" sc="21" el="189" ec="56" bec="0" bev="0" fileid="29" />
                <SequencePoint vc="0" uspid="1165" ordinal="123" offset="1485" sl="190" sc="21" el="190" ec="74" bec="0" bev="0" fileid="29" />
                <SequencePoint vc="0" uspid="1166" ordinal="124" offset="1514" sl="192" sc="21" el="192" ec="54" bec="0" bev="0" fileid="29" />
                <SequencePoint vc="0" uspid="1167" ordinal="125" offset="1521" sl="193" sc="21" el="193" ec="59" bec="0" bev="0" fileid="29" />
                <SequencePoint vc="0" uspid="1168" ordinal="126" offset="1541" sl="195" sc="21" el="195" ec="56" bec="0" bev="0" fileid="29" />
                <SequencePoint vc="0" uspid="1169" ordinal="127" offset="1548" sl="197" sc="21" el="197" ec="41" bec="0" bev="0" fileid="29" />
                <SequencePoint vc="0" uspid="1170" ordinal="128" offset="1563" sl="198" sc="21" el="198" ec="41" bec="0" bev="0" fileid="29" />
                <SequencePoint vc="0" uspid="1171" ordinal="129" offset="1578" sl="199" sc="21" el="199" ec="46" bec="0" bev="0" fileid="29" />
                <SequencePoint vc="0" uspid="1172" ordinal="130" offset="1593" sl="200" sc="21" el="200" ec="41" bec="0" bev="0" fileid="29" />
                <SequencePoint vc="0" uspid="1173" ordinal="131" offset="1608" sl="201" sc="21" el="201" ec="42" bec="0" bev="0" fileid="29" />
                <SequencePoint vc="0" uspid="1174" ordinal="132" offset="1623" sl="202" sc="21" el="202" ec="48" bec="0" bev="0" fileid="29" />
                <SequencePoint vc="0" uspid="1175" ordinal="133" offset="1638" sl="203" sc="21" el="203" ec="48" bec="0" bev="0" fileid="29" />
                <SequencePoint vc="0" uspid="1176" ordinal="134" offset="1653" sl="204" sc="21" el="204" ec="43" bec="0" bev="0" fileid="29" />
                <SequencePoint vc="0" uspid="1177" ordinal="135" offset="1668" sl="205" sc="21" el="205" ec="41" bec="0" bev="0" fileid="29" />
                <SequencePoint vc="0" uspid="1178" ordinal="136" offset="1683" sl="206" sc="21" el="206" ec="43" bec="0" bev="0" fileid="29" />
                <SequencePoint vc="0" uspid="1179" ordinal="137" offset="1698" sl="207" sc="17" el="207" ec="18" bec="0" bev="0" fileid="29" />
                <SequencePoint vc="0" uspid="1180" ordinal="138" offset="1699" sl="209" sc="17" el="209" ec="40" bec="0" bev="0" fileid="29" />
                <SequencePoint vc="0" uspid="1181" ordinal="139" offset="1713" sl="210" sc="17" el="210" ec="52" bec="0" bev="0" fileid="29" />
                <SequencePoint vc="0" uspid="1182" ordinal="140" offset="1726" sl="211" sc="13" el="211" ec="14" bec="0" bev="0" fileid="29" />
                <SequencePoint vc="0" uspid="1183" ordinal="141" offset="1727" sl="79" sc="55" el="79" ec="58" bec="0" bev="0" fileid="29" />
                <SequencePoint vc="0" uspid="1184" ordinal="142" offset="1733" sl="79" sc="29" el="79" ec="53" bec="2" bev="0" fileid="29" />
                <SequencePoint vc="0" uspid="1185" ordinal="143" offset="1752" sl="212" sc="9" el="212" ec="10" bec="0" bev="0" fileid="29" />
              </SequencePoints>
              <BranchPoints>
                <BranchPoint vc="0" uspid="1186" ordinal="0" offset="481" sl="85" path="0" offsetend="486" fileid="29" />
                <BranchPoint vc="0" uspid="1187" ordinal="1" offset="481" sl="85" path="1" offsetend="875" fileid="29" />
                <BranchPoint vc="0" uspid="1188" ordinal="2" offset="889" sl="126" path="0" offsetend="894" fileid="29" />
                <BranchPoint vc="0" uspid="1189" ordinal="3" offset="889" sl="126" path="1" offsetend="1306" fileid="29" />
                <BranchPoint vc="0" uspid="1190" ordinal="4" offset="1747" sl="79" path="0" offsetend="1752" fileid="29" />
                <BranchPoint vc="0" uspid="1191" ordinal="5" offset="1747" sl="79" path="1" offsetend="449" fileid="29" />
              </BranchPoints>
              <MethodPoint xsi:type="SequencePoint" vc="0" uspid="1042" ordinal="0" offset="0" sl="21" sc="9" el="21" ec="10" bec="0" bev="0" fileid="29" />
            </Method>
            <Method visited="false" cyclomaticComplexity="1" nPathComplexity="0" sequenceCoverage="0" branchCoverage="0" crapScore="2" isConstructor="false" isStatic="false" isGetter="false" isSetter="false">
              <Summary numSequencePoints="12" visitedSequencePoints="0" numBranchPoints="1" visitedBranchPoints="0" sequenceCoverage="0" branchCoverage="0" maxCyclomaticComplexity="1" minCyclomaticComplexity="1" maxCrapScore="2" minCrapScore="2" visitedClasses="0" numClasses="0" visitedMethods="0" numMethods="1" />
              <MetadataToken>100663378</MetadataToken>
              <Name>System.Void Library.UIForClient::Insert2FormatDataNaming(System.String,System.Web.UI.WebControls.PlaceHolder)</Name>
              <FileRef uid="29" />
              <SequencePoints>
                <SequencePoint vc="0" uspid="1192" ordinal="0" offset="0" sl="219" sc="9" el="219" ec="10" bec="0" bev="0" fileid="29" />
                <SequencePoint vc="0" uspid="1193" ordinal="1" offset="1" sl="220" sc="13" el="220" ec="42" bec="0" bev="0" fileid="29" />
                <SequencePoint vc="0" uspid="1194" ordinal="2" offset="7" sl="221" sc="13" el="221" ec="49" bec="0" bev="0" fileid="29" />
                <SequencePoint vc="0" uspid="1195" ordinal="3" offset="15" sl="222" sc="13" el="222" ec="48" bec="0" bev="0" fileid="29" />
                <SequencePoint vc="0" uspid="1196" ordinal="4" offset="27" sl="223" sc="13" el="223" ec="44" bec="0" bev="0" fileid="29" />
                <SequencePoint vc="0" uspid="1197" ordinal="5" offset="33" sl="225" sc="13" el="225" ec="48" bec="0" bev="0" fileid="29" />
                <SequencePoint vc="0" uspid="1198" ordinal="6" offset="39" sl="226" sc="13" el="226" ec="34" bec="0" bev="0" fileid="29" />
                <SequencePoint vc="0" uspid="1199" ordinal="7" offset="47" sl="227" sc="13" el="227" ec="36" bec="0" bev="0" fileid="29" />
                <SequencePoint vc="0" uspid="1200" ordinal="8" offset="56" sl="228" sc="13" el="228" ec="36" bec="0" bev="0" fileid="29" />
                <SequencePoint vc="0" uspid="1201" ordinal="9" offset="69" sl="229" sc="13" el="229" ec="37" bec="0" bev="0" fileid="29" />
                <SequencePoint vc="0" uspid="1202" ordinal="10" offset="82" sl="230" sc="13" el="230" ec="48" bec="0" bev="0" fileid="29" />
                <SequencePoint vc="0" uspid="1203" ordinal="11" offset="95" sl="231" sc="9" el="231" ec="10" bec="0" bev="0" fileid="29" />
              </SequencePoints>
              <BranchPoints />
              <MethodPoint xsi:type="SequencePoint" vc="0" uspid="1192" ordinal="0" offset="0" sl="219" sc="9" el="219" ec="10" bec="0" bev="0" fileid="29" />
            </Method>
            <Method visited="false" cyclomaticComplexity="1" nPathComplexity="0" sequenceCoverage="0" branchCoverage="0" crapScore="2" isConstructor="false" isStatic="false" isGetter="false" isSetter="false">
              <Summary numSequencePoints="14" visitedSequencePoints="0" numBranchPoints="1" visitedBranchPoints="0" sequenceCoverage="0" branchCoverage="0" maxCyclomaticComplexity="1" minCyclomaticComplexity="1" maxCrapScore="2" minCrapScore="2" visitedClasses="0" numClasses="0" visitedMethods="0" numMethods="1" />
              <MetadataToken>100663379</MetadataToken>
              <Name>System.Void Library.UIForClient::Insert2FormatData(System.String,System.Web.UI.WebControls.PlaceHolder,Library.TaskUtils,System.Int32)</Name>
              <FileRef uid="29" />
              <SequencePoints>
                <SequencePoint vc="0" uspid="1204" ordinal="0" offset="0" sl="241" sc="9" el="241" ec="10" bec="0" bev="0" fileid="29" />
                <SequencePoint vc="0" uspid="1205" ordinal="1" offset="1" sl="242" sc="13" el="242" ec="42" bec="0" bev="0" fileid="29" />
                <SequencePoint vc="0" uspid="1206" ordinal="2" offset="7" sl="243" sc="13" el="243" ec="49" bec="0" bev="0" fileid="29" />
                <SequencePoint vc="0" uspid="1207" ordinal="3" offset="15" sl="244" sc="13" el="244" ec="48" bec="0" bev="0" fileid="29" />
                <SequencePoint vc="0" uspid="1208" ordinal="4" offset="27" sl="246" sc="13" el="246" ec="43" bec="0" bev="0" fileid="29" />
                <SequencePoint vc="0" uspid="1209" ordinal="5" offset="33" sl="248" sc="13" el="248" ec="47" bec="0" bev="0" fileid="29" />
                <SequencePoint vc="0" uspid="1210" ordinal="6" offset="39" sl="249" sc="13" el="249" ec="51" bec="0" bev="0" fileid="29" />
                <SequencePoint vc="0" uspid="1211" ordinal="7" offset="52" sl="251" sc="13" el="251" ec="49" bec="0" bev="0" fileid="29" />
                <SequencePoint vc="0" uspid="1212" ordinal="8" offset="58" sl="252" sc="13" el="252" ec="46" bec="0" bev="0" fileid="29" />
                <SequencePoint vc="0" uspid="1213" ordinal="9" offset="72" sl="254" sc="13" el="254" ec="34" bec="0" bev="0" fileid="29" />
                <SequencePoint vc="0" uspid="1214" ordinal="10" offset="85" sl="255" sc="13" el="255" ec="36" bec="0" bev="0" fileid="29" />
                <SequencePoint vc="0" uspid="1215" ordinal="11" offset="98" sl="256" sc="13" el="256" ec="36" bec="0" bev="0" fileid="29" />
                <SequencePoint vc="0" uspid="1216" ordinal="12" offset="111" sl="257" sc="13" el="257" ec="48" bec="0" bev="0" fileid="29" />
                <SequencePoint vc="0" uspid="1217" ordinal="13" offset="124" sl="258" sc="9" el="258" ec="10" bec="0" bev="0" fileid="29" />
              </SequencePoints>
              <BranchPoints />
              <MethodPoint xsi:type="SequencePoint" vc="0" uspid="1204" ordinal="0" offset="0" sl="241" sc="9" el="241" ec="10" bec="0" bev="0" fileid="29" />
            </Method>
            <Method visited="false" cyclomaticComplexity="2" nPathComplexity="2" sequenceCoverage="0" branchCoverage="0" crapScore="6" isConstructor="false" isStatic="false" isGetter="false" isSetter="false">
              <Summary numSequencePoints="20" visitedSequencePoints="0" numBranchPoints="3" visitedBranchPoints="0" sequenceCoverage="0" branchCoverage="0" maxCyclomaticComplexity="2" minCyclomaticComplexity="2" maxCrapScore="6" minCrapScore="6" visitedClasses="0" numClasses="0" visitedMethods="0" numMethods="1" />
              <MetadataToken>100663380</MetadataToken>
              <Name>System.Void Library.UIForClient::Insert2FormatData(System.String,System.Web.UI.WebControls.PlaceHolder,Library.TaskUtils)</Name>
              <FileRef uid="29" />
              <SequencePoints>
                <SequencePoint vc="0" uspid="1218" ordinal="0" offset="0" sl="266" sc="9" el="266" ec="10" bec="0" bev="0" fileid="29" />
                <SequencePoint vc="0" uspid="1219" ordinal="1" offset="1" sl="267" sc="13" el="267" ec="42" bec="0" bev="0" fileid="29" />
                <SequencePoint vc="0" uspid="1220" ordinal="2" offset="7" sl="268" sc="13" el="268" ec="49" bec="0" bev="0" fileid="29" />
                <SequencePoint vc="0" uspid="1221" ordinal="3" offset="15" sl="269" sc="13" el="269" ec="48" bec="0" bev="0" fileid="29" />
                <SequencePoint vc="0" uspid="1222" ordinal="4" offset="27" sl="271" sc="17" el="271" ec="24" bec="0" bev="0" fileid="29" />
                <SequencePoint vc="0" uspid="1223" ordinal="5" offset="31" sl="272" sc="13" el="272" ec="14" bec="0" bev="0" fileid="29" />
                <SequencePoint vc="0" uspid="1224" ordinal="6" offset="32" sl="273" sc="17" el="273" ec="72" bec="0" bev="0" fileid="29" />
                <SequencePoint vc="0" uspid="1225" ordinal="7" offset="40" sl="274" sc="17" el="274" ec="47" bec="0" bev="0" fileid="29" />
                <SequencePoint vc="0" uspid="1226" ordinal="8" offset="46" sl="276" sc="17" el="276" ec="51" bec="0" bev="0" fileid="29" />
                <SequencePoint vc="0" uspid="1227" ordinal="9" offset="53" sl="277" sc="17" el="277" ec="43" bec="0" bev="0" fileid="29" />
                <SequencePoint vc="0" uspid="1228" ordinal="10" offset="67" sl="279" sc="17" el="279" ec="53" bec="0" bev="0" fileid="29" />
                <SequencePoint vc="0" uspid="1229" ordinal="11" offset="74" sl="280" sc="17" el="280" ec="63" bec="0" bev="0" fileid="29" />
                <SequencePoint vc="0" uspid="1230" ordinal="12" offset="97" sl="282" sc="17" el="282" ec="38" bec="0" bev="0" fileid="29" />
                <SequencePoint vc="0" uspid="1231" ordinal="13" offset="111" sl="283" sc="17" el="283" ec="40" bec="0" bev="0" fileid="29" />
                <SequencePoint vc="0" uspid="1232" ordinal="14" offset="125" sl="284" sc="17" el="284" ec="40" bec="0" bev="0" fileid="29" />
                <SequencePoint vc="0" uspid="1233" ordinal="15" offset="138" sl="285" sc="17" el="285" ec="52" bec="0" bev="0" fileid="29" />
                <SequencePoint vc="0" uspid="1234" ordinal="16" offset="151" sl="286" sc="13" el="286" ec="14" bec="0" bev="0" fileid="29" />
                <SequencePoint vc="0" uspid="1235" ordinal="17" offset="152" sl="271" sc="49" el="271" ec="52" bec="0" bev="0" fileid="29" />
                <SequencePoint vc="0" uspid="1236" ordinal="18" offset="156" sl="271" sc="26" el="271" ec="48" bec="2" bev="0" fileid="29" />
                <SequencePoint vc="0" uspid="1237" ordinal="19" offset="174" sl="287" sc="9" el="287" ec="10" bec="0" bev="0" fileid="29" />
              </SequencePoints>
              <BranchPoints>
                <BranchPoint vc="0" uspid="1238" ordinal="0" offset="169" sl="271" path="0" offsetend="174" fileid="29" />
                <BranchPoint vc="0" uspid="1239" ordinal="1" offset="169" sl="271" path="1" offsetend="31" fileid="29" />
              </BranchPoints>
              <MethodPoint xsi:type="SequencePoint" vc="0" uspid="1218" ordinal="0" offset="0" sl="266" sc="9" el="266" ec="10" bec="0" bev="0" fileid="29" />
            </Method>
            <Method visited="false" cyclomaticComplexity="1" nPathComplexity="0" sequenceCoverage="0" branchCoverage="0" crapScore="2" isConstructor="false" isStatic="false" isGetter="false" isSetter="false">
              <Summary numSequencePoints="13" visitedSequencePoints="0" numBranchPoints="1" visitedBranchPoints="0" sequenceCoverage="0" branchCoverage="0" maxCyclomaticComplexity="1" minCyclomaticComplexity="1" maxCrapScore="2" minCrapScore="2" visitedClasses="0" numClasses="0" visitedMethods="0" numMethods="1" />
              <MetadataToken>100663381</MetadataToken>
              <Name>System.Void Library.UIForClient::Button2_Click(System.Object,System.EventArgs)</Name>
              <FileRef uid="29" />
              <SequencePoints>
                <SequencePoint vc="0" uspid="1240" ordinal="0" offset="0" sl="294" sc="9" el="294" ec="10" bec="0" bev="0" fileid="29" />
                <SequencePoint vc="0" uspid="1241" ordinal="1" offset="1" sl="295" sc="13" el="295" ec="42" bec="0" bev="0" fileid="29" />
                <SequencePoint vc="0" uspid="1242" ordinal="2" offset="18" sl="296" sc="13" el="296" ec="43" bec="0" bev="0" fileid="29" />
                <SequencePoint vc="0" uspid="1243" ordinal="3" offset="35" sl="297" sc="13" el="297" ec="43" bec="0" bev="0" fileid="29" />
                <SequencePoint vc="0" uspid="1244" ordinal="4" offset="52" sl="298" sc="13" el="298" ec="43" bec="0" bev="0" fileid="29" />
                <SequencePoint vc="0" uspid="1245" ordinal="5" offset="69" sl="299" sc="13" el="299" ec="43" bec="0" bev="0" fileid="29" />
                <SequencePoint vc="0" uspid="1246" ordinal="6" offset="86" sl="300" sc="13" el="300" ec="43" bec="0" bev="0" fileid="29" />
                <SequencePoint vc="0" uspid="1247" ordinal="7" offset="103" sl="301" sc="13" el="301" ec="43" bec="0" bev="0" fileid="29" />
                <SequencePoint vc="0" uspid="1248" ordinal="8" offset="120" sl="302" sc="13" el="302" ec="43" bec="0" bev="0" fileid="29" />
                <SequencePoint vc="0" uspid="1249" ordinal="9" offset="137" sl="303" sc="13" el="303" ec="43" bec="0" bev="0" fileid="29" />
                <SequencePoint vc="0" uspid="1250" ordinal="10" offset="154" sl="304" sc="13" el="304" ec="43" bec="0" bev="0" fileid="29" />
                <SequencePoint vc="0" uspid="1251" ordinal="11" offset="171" sl="305" sc="13" el="305" ec="44" bec="0" bev="0" fileid="29" />
                <SequencePoint vc="0" uspid="1252" ordinal="12" offset="188" sl="306" sc="9" el="306" ec="10" bec="0" bev="0" fileid="29" />
              </SequencePoints>
              <BranchPoints />
              <MethodPoint xsi:type="SequencePoint" vc="0" uspid="1240" ordinal="0" offset="0" sl="294" sc="9" el="294" ec="10" bec="0" bev="0" fileid="29" />
            </Method>
            <Method visited="false" cyclomaticComplexity="1" nPathComplexity="0" sequenceCoverage="0" branchCoverage="0" crapScore="2" isConstructor="true" isStatic="false" isGetter="false" isSetter="false">
              <Summary numSequencePoints="0" visitedSequencePoints="0" numBranchPoints="0" visitedBranchPoints="0" sequenceCoverage="0" branchCoverage="0" maxCyclomaticComplexity="1" minCyclomaticComplexity="1" maxCrapScore="2" minCrapScore="2" visitedClasses="0" numClasses="0" visitedMethods="0" numMethods="0" />
              <MetadataToken>100663382</MetadataToken>
              <Name>System.Void Library.UIForClient::.ctor()</Name>
              <SequencePoints />
              <BranchPoints />
              <MethodPoint vc="0" uspid="1253" ordinal="0" offset="0" />
            </Method>
          </Methods>
        </Class>
      </Classes>
    </Module>
  </Modules>
</CoverageSession>